
Query: (Switzerland) OR (Schweitz) OR (Suisse) OR (Svizzera) - 
Max Depth: 5
Domain: https://en.wikipedia.org/wiki/
Mode: BFSMode
Ignored file extensions: js|css|pdf|png|jpg|gif|jpeg|svg|tiff
Boundaries:
  <body>|<BODY>
  ...
  </body>|</BODY>
    
On: https://en.wikipedia.org/wiki/Main_Page
Enter 'progress', 'results', 'help' or 'exit' at any time.
---------------------------------------------
Progress: 0.012477718360071301 (explored 14 over 1122 links).
Found 1 matches. 0 urls could not be explored.
---------------------------------------------
---------------------------------------------
Progress: 0.0039351753903440105 (explored 93 over 23633 links).
Found 11 matches. 0 urls could not be explored.
---------------------------------------------
---------------------------------------------
Progress: 0.00381789784230925 (explored 132 over 34574 links).
Found 17 matches. 0 urls could not be explored.
---------------------------------------------
---------------------------------------------
Progress: 0.010714012397642917 (explored 560 over 52268 links).
Found 22 matches. 0 urls could not be explored.
---------------------------------------------
---------------------------------------------
Progress: 0.011151000870322019 (explored 615 over 55152 links).
Found 23 matches. 0 urls could not be explored.
---------------------------------------------
---------------------------------------------
Progress: 0.01092961193928371 (explored 643 over 58831 links).
Found 23 matches. 0 urls could not be explored.
---------------------------------------------
---------------------------------------------
Progress: 0.010971709717097171 (explored 669 over 60975 links).
Found 24 matches. 0 urls could not be explored.
---------------------------------------------
---------------------------------------------
Progress: 0.011273415209031138 (explored 727 over 64488 links).
Found 25 matches. 0 urls could not be explored.
---------------------------------------------
---------------------------------------------
Progress: 0.015523407022106632 (explored 1146 over 73824 links).
Found 29 matches. 0 urls could not be explored.
---------------------------------------------
---------------------------------------------
Progress: 0.02520098553245181 (explored 2956 over 117297 links).
Found 74 matches. 0 urls could not be explored.
---------------------------------------------
[ERROR] [09/01/2015 14:55:40.856] [Panop-akka.actor.default-dispatcher-5] [akka://Panop/user/$l] Could not get data for https://en.wikipedia.org/wiki/Operation_Blue
[ERROR] [09/01/2015 14:55:40.857] [Panop-akka.actor.default-dispatcher-5] [akka://Panop/user/$l] connect timed out
---------------------------------------------
Progress: 0.030302406771058388 (explored 4418 over 145797 links).
Found 121 matches. 0 urls could not be explored.
---------------------------------------------
[ERROR] [09/01/2015 14:55:47.464] [Panop-akka.actor.default-dispatcher-11] [akka://Panop/user/$l] Could not get data for https://en.wikipedia.org/wiki/File:Supermarinespitfire.JPG
[ERROR] [09/01/2015 14:55:47.464] [Panop-akka.actor.default-dispatcher-11] [akka://Panop/user/$l] connect timed out
---------------------------------------------
Progress: 0.03196828264578942 (explored 5096 over 159408 links).
Found 149 matches. 0 urls could not be explored.
---------------------------------------------
---------------------------------------------
Displaying results...
	https://en.wikipedia.org/wiki/Aftermath_of_the_Holocaust [(Schweitz)]
	https://en.wikipedia.org/wiki/Louis_XIV_of_France [(Suisse)]
	https://en.wikipedia.org/wiki/World_War_II_in_Europe [(Switzerland)]
	https://en.wikipedia.org/wiki/Portal:Contents/Portals [(Switzerland)]
	https://en.wikipedia.org/wiki/Alexander_Graham_Bell [(Switzerland)]
	https://en.wikipedia.org/wiki/Monopoly_(game) [(Switzerland)]
	https://en.wikipedia.org/wiki/Switchboard_operator [(Switzerland)]
	https://en.wikipedia.org/wiki/Dominica [(Switzerland)]
	https://en.wikipedia.org/wiki/Academy_Award [(Switzerland)]
	https://en.wikipedia.org/wiki/Muammar_Gaddafi [(Switzerland)]
	https://en.wikipedia.org/wiki/Portal:Geography [(Switzerland)]
	https://en.wikipedia.org/wiki/September_1 [(Switzerland)]
	https://en.wikipedia.org/wiki/1939 [(Switzerland)]
	https://en.wikipedia.org/wiki/Wikipedia:Selected_anniversaries/September [(Switzerland)]
	https://en.wikipedia.org/wiki/Wikipedia:Recent_additions [(Switzerland)]
	https://en.wikipedia.org/wiki/The_Amateur_Championship [(Switzerland)]
	https://en.wikipedia.org/wiki/Portal:Featured_content [(Switzerland)]
	https://en.wikipedia.org/wiki/September_2 [(Switzerland)]
	https://en.wikipedia.org/wiki/Nazi_Germany [(Switzerland)]
	https://en.wikipedia.org/wiki/Socialist_Yugoslavia [(Switzerland)]
	https://en.wikipedia.org/wiki/1969 [(Switzerland)]
	https://en.wikipedia.org/wiki/Islamic_State_of_Iraq_and_the_Levant [(Switzerland)]
	https://en.wikipedia.org/wiki/Help:Table [(Switzerland)]
	https://en.wikipedia.org/wiki/Sikh_Gurus [(Switzerland)]
	https://en.wikipedia.org/wiki/Leonhard_Euler [(Switzerland)]
	https://en.wikipedia.org/wiki/Tilde [(Switzerland)]
	https://en.wikipedia.org/wiki/User_talk:Maproom [(Switzerland)]
	https://en.wikipedia.org/wiki/Wikipedia:List_of_shortcuts [(Switzerland)]
	https://en.wikipedia.org/wiki/Sikh_gurus [(Switzerland)]
	https://en.wikipedia.org/wiki/Creative_commons [(Switzerland)]
	https://en.wikipedia.org/wiki/Luxembourg_in_World_War_II [(Switzerland)]
	https://en.wikipedia.org/wiki/Edward_Hopper [(Switzerland)]
	https://en.wikipedia.org/wiki/World_War_II_by_country [(Switzerland)]
	https://en.wikipedia.org/wiki/Mediterranean_and_Middle_East_theatre_of_World_War_II [(Switzerland)]
	https://en.wikipedia.org/wiki/Prisoner_of_war [(Switzerland)]
	https://en.wikipedia.org/wiki/Independent_State_of_Croatia [(Switzerland)]
	https://en.wikipedia.org/wiki/Second_Sino-Japanese_War [(Switzerland)]
	https://en.wikipedia.org/wiki/Adriatic_Sea [(Switzerland)]
	https://en.wikipedia.org/wiki/Axis_power [(Switzerland)]
	https://en.wikipedia.org/wiki/Axis_power [(Switzerland)]
	https://en.wikipedia.org/wiki/Siege_of_Budapest [(Switzerland)]
	https://en.wikipedia.org/wiki/War_crime [(Switzerland)]
	https://en.wikipedia.org/wiki/Thailand_in_World_War_II [(Switzerland)]
	https://en.wikipedia.org/wiki/Denmark_in_World_War_II [(Switzerland)]
	https://en.wikipedia.org/wiki/Military_history_of_Finland_during_World_War_II [(Switzerland)]
	https://en.wikipedia.org/wiki/B-17_Flying_Fortress [(Switzerland)]
	https://en.wikipedia.org/wiki/National_Socialist_German_Workers_Party [(Switzerland)]
	https://en.wikipedia.org/wiki/Nuremberg_trials [(Switzerland)]
	https://en.wikipedia.org/wiki/Socialist_Federal_Republic_of_Yugoslavia [(Switzerland)]
	https://en.wikipedia.org/wiki/International_response_to_the_Holocaust [(Switzerland)]
	https://en.wikipedia.org/wiki/United_States [(Switzerland)]
	https://en.wikipedia.org/wiki/Western_Front_(World_War_II) [(Switzerland)]
	https://en.wikipedia.org/wiki/Mediterranean_and_Middle_East_Theatre [(Switzerland)]
	https://en.wikipedia.org/wiki/Diplomatic_history_of_World_War_II [(Switzerland)]
	https://en.wikipedia.org/wiki/Allies_of_World_War_II [(Switzerland)]
	https://en.wikipedia.org/wiki/Military_history_of_Italy_during_World_War_II [(Switzerland)]
	https://en.wikipedia.org/wiki/Romania_in_World_War_II [(Switzerland)]
	https://en.wikipedia.org/wiki/Finland [(Switzerland)]
	https://en.wikipedia.org/wiki/Maginot_Line [(Switzerland)]
	https://en.wikipedia.org/wiki/Military_history_of_Italy_during_World_War_II [(Switzerland)]
	https://en.wikipedia.org/wiki/Nazi-occupied_Europe [(Switzerland)]
	https://en.wikipedia.org/wiki/Commanders_of_World_War_II [(Switzerland)]
	https://en.wikipedia.org/wiki/Slovakia [(Switzerland)]
	https://en.wikipedia.org/wiki/Hermann_G%C3%B6ring [(Switzerland)]
	https://en.wikipedia.org/wiki/Sweden_during_World_War_II [(Switzerland)]
	https://en.wikipedia.org/wiki/Belgium_in_World_War_II [(Switzerland)]
	https://en.wikipedia.org/wiki/End_of_World_War_II_in_Europe [(Switzerland)]
	https://en.wikipedia.org/wiki/Czechoslovakia [(Switzerland)]
	https://en.wikipedia.org/wiki/Occupation_of_Baltic_Republics [(Switzerland)]
	https://en.wikipedia.org/wiki/Alfred_Delp [(Switzerland)]
	https://en.wikipedia.org/wiki/Military_history_of_Canada_during_World_War_II [(Switzerland)]
	https://en.wikipedia.org/wiki/Denazification [(Switzerland)]
	https://en.wikipedia.org/wiki/British_Army [(Switzerland)]
	https://en.wikipedia.org/wiki/Royal_Air_Force [(Switzerland)]
	https://en.wikipedia.org/wiki/European_theatre_of_World_War_II [(Switzerland)]
	https://en.wikipedia.org/wiki/Spring_1945_offensive_in_Italy [(Switzerland)]
	https://en.wikipedia.org/wiki/Denmark [(Switzerland)]
	https://en.wikipedia.org/wiki/Hideki_Tojo [(Switzerland)]
	https://en.wikipedia.org/wiki/The_Holocaust [(Switzerland)]
	https://en.wikipedia.org/wiki/Axis_leaders_of_World_War_II [(Switzerland)]
	https://en.wikipedia.org/wiki/World_War_II [(Switzerland)]
	https://en.wikipedia.org/wiki/Cold_War [(Switzerland)]
	https://en.wikipedia.org/wiki/Japanese_occupation_of_Hong_Kong [(Switzerland)]
	https://en.wikipedia.org/wiki/American_Theater_(World_War_II) [(Switzerland)]
	https://en.wikipedia.org/wiki/German_occupation_of_Czechoslovakia [(Switzerland)]
	https://en.wikipedia.org/wiki/Cupronickel [(Switzerland)]
	https://en.wikipedia.org/wiki/Norway [(Switzerland)]
	https://en.wikipedia.org/wiki/Axis_powers [(Switzerland)]
	https://en.wikipedia.org/wiki/Southern_Rhodesia_in_World_War_II [(Switzerland)]
	https://en.wikipedia.org/wiki/Southern_Rhodesia_in_World_War_II [(Switzerland)]
	https://en.wikipedia.org/wiki/Cuba_during_World_War_II [(Switzerland)]
	https://en.wikipedia.org/wiki/Italian_Social_Republic [(Switzerland)]
	https://en.wikipedia.org/wiki/Forced_labour_under_German_rule_during_World_War_II [(Switzerland)]
	https://en.wikipedia.org/wiki/French_West_Africa_in_World_War_II [(Switzerland)]
	https://en.wikipedia.org/wiki/History_of_Poland_(1939%E2%80%9345) [(Switzerland)]
	https://en.wikipedia.org/wiki/Military_history_of_the_United_Kingdom_during_World_War_II [(Switzerland)]
	https://en.wikipedia.org/wiki/Netherlands [(Switzerland)]
	https://en.wikipedia.org/wiki/Battle_of_Kursk [(Switzerland)]
	https://en.wikipedia.org/wiki/Military_history_of_South_Africa_during_World_War_II [(Switzerland)]
	https://en.wikipedia.org/wiki/UK [(Switzerland)]
	https://en.wikipedia.org/wiki/Jewish_resistance_under_Nazi_rule [(Switzerland)]
	https://en.wikipedia.org/wiki/Birmingham [(Switzerland)]
	https://en.wikipedia.org/wiki/Timeline_of_World_War_II_(1945) [(Switzerland)]
	https://en.wikipedia.org/wiki/Soviet_Union_in_World_War_II [(Switzerland)]
	https://en.wikipedia.org/wiki/World_War_II_casualties [(Switzerland)]
	https://en.wikipedia.org/wiki/Allied_leaders_of_World_War_II [(Switzerland)]
	https://en.wikipedia.org/wiki/Resistance_in_Yugoslavia [(Switzerland)]
	https://en.wikipedia.org/wiki/Free_France [(Switzerland)]
	https://en.wikipedia.org/wiki/Dutch_resistance [(Switzerland)]
	https://en.wikipedia.org/wiki/League_of_Nations [(Switzerland)]
	https://en.wikipedia.org/wiki/German_resistance_to_Nazism [(Switzerland)]
	https://en.wikipedia.org/wiki/Rotterdam [(Switzerland)]
	https://en.wikipedia.org/wiki/Slovak_Republic_(1939%E2%80%9345) [(Switzerland)]
	https://en.wikipedia.org/wiki/Military_history_of_Bulgaria_during_World_War_II [(Switzerland)]
	https://en.wikipedia.org/wiki/Battle_of_Belgium [(Switzerland)]
	https://en.wikipedia.org/wiki/France_during_World_War_II [(Switzerland)]
	https://en.wikipedia.org/wiki/Military_history_of_Greece_during_World_War_II [(Switzerland)]
	https://en.wikipedia.org/wiki/Central_Europe [(Switzerland)]
	https://en.wikipedia.org/wiki/Oder%E2%80%93Neisse_line [(Switzerland)]
	https://en.wikipedia.org/wiki/Belgium [(Switzerland)]
	https://en.wikipedia.org/wiki/Romania [(Switzerland)]
	https://en.wikipedia.org/wiki/Ion_Antonescu [(Switzerland)]
	https://en.wikipedia.org/wiki/Flight_and_expulsion_of_Germans_(1944%E2%80%9350) [(Switzerland)]
	https://en.wikipedia.org/wiki/General [(Switzerland)]
	https://en.wikipedia.org/wiki/World_War_II_in_Yugoslavia [(Switzerland)]
	https://en.wikipedia.org/wiki/Charles_de_Gaulle [(Switzerland)]
	https://en.wikipedia.org/wiki/Operation_Sea_Lion [(Switzerland)]
	https://en.wikipedia.org/wiki/Timeline_of_World_War_II_(1939) [(Switzerland)]
	https://en.wikipedia.org/wiki/Mediterranean_Theatre_of_Operations [(Switzerland)]
	https://en.wikipedia.org/wiki/Special:BookSources/067400163X [(Switzerland)]
	https://en.wikipedia.org/wiki/Adolf_Hitler [(Switzerland)]
	https://en.wikipedia.org/wiki/Albania [(Switzerland)]
	https://en.wikipedia.org/wiki/Special:BookSources/0712674535 [(Switzerland)]
	https://en.wikipedia.org/wiki/Special:BookSources/978-0-7858-2097-0 [(Switzerland)]
	https://en.wikipedia.org/wiki/Surrender_of_Japan [(Switzerland)]
	https://en.wikipedia.org/wiki/Nazi_plunder [(Switzerland)]
	https://en.wikipedia.org/wiki/Brazil [(Switzerland)]
	https://en.wikipedia.org/wiki/Special:BookSources/0091740118 [(Switzerland)]
	https://en.wikipedia.org/wiki/Special:BookSources/978-0-471-39431-0 [(Switzerland)]
	https://en.wikipedia.org/wiki/Occupation_of_the_Baltic_states [(Switzerland)]
	https://en.wikipedia.org/wiki/Carl_Gustaf_Emil_Mannerheim [(Switzerland)]
	https://en.wikipedia.org/wiki/United_Kingdom [(Switzerland)]
	https://en.wikipedia.org/wiki/Italian_fascism [(Switzerland)]
	https://en.wikipedia.org/wiki/Free_French [(Switzerland)]
	https://en.wikipedia.org/wiki/Military_history_of_the_Philippines_during_World_War_II [(Switzerland)]
	https://en.wikipedia.org/wiki/Military_history_of_the_Philippines_during_World_War_II [(Switzerland)]
	https://en.wikipedia.org/wiki/Viet_Minh [(Switzerland)]
	https://en.wikipedia.org/wiki/Military_history_of_Australia_during_World_War_II [(Switzerland)]
	https://en.wikipedia.org/wiki/Military_history_of_Australia_during_World_War_II [(Switzerland)]
	https://en.wikipedia.org/wiki/Pyroxylin [(Switzerland)]
	https://en.wikipedia.org/wiki/Neutrality_(international_relations) [(Switzerland)]
	https://en.wikipedia.org/wiki/Eastern_Front_(World_War_II) [(Switzerland)]
	https://en.wikipedia.org/wiki/Fall_of_France [(Switzerland)]
	https://en.wikipedia.org/wiki/Armed_neutrality [(Switzerland)]
	https://en.wikipedia.org/wiki/Luxembourg [(Switzerland)]
	https://en.wikipedia.org/wiki/Death_of_Benito_Mussolini [(Switzerland)]
	https://en.wikipedia.org/wiki/Italian_resistance_movement [(Switzerland)]
	https://en.wikipedia.org/wiki/Operation_Paperclip [(Switzerland)]
	https://en.wikipedia.org/wiki/India_in_World_War_II [(Switzerland)]
	https://en.wikipedia.org/wiki/Anglo-Iraqi_War [(Switzerland)]
	https://en.wikipedia.org/wiki/Military_history_of_the_United_States_during_World_War_II [(Switzerland)]
	https://en.wikipedia.org/wiki/Military_history_of_New_Zealand_during_World_War_II [(Switzerland)]
	https://en.wikipedia.org/wiki/World_War_I [(Switzerland)]
	https://en.wikipedia.org/wiki/Hungary_in_World_War_II [(Switzerland)]
	https://en.wikipedia.org/wiki/Greece [(Switzerland)]
	https://en.wikipedia.org/wiki/Italian_partisans [(Switzerland)]
	https://en.wikipedia.org/wiki/River_Rhine [(Switzerland)]
	https://en.wikipedia.org/wiki/Hermann_Wilhelm_G%C3%B6ring [(Switzerland)]
	https://en.wikipedia.org/wiki/Battle_of_France [(Switzerland)]
	https://en.wikipedia.org/wiki/Special:BookSources/0521443172 [(Switzerland)]
	https://en.wikipedia.org/wiki/Latin_America_during_World_War_II [(Switzerland)]
	https://en.wikipedia.org/wiki/Military_production_during_World_War_II [(Switzerland)]
	https://en.wikipedia.org/wiki/Scorched_earth [(Switzerland)]
	https://en.wikipedia.org/wiki/John_Lindley [(Switzerland)]
	https://en.wikipedia.org/wiki/Hawker_Hunter [(Switzerland) OR (Suisse)]
	https://en.wikipedia.org/wiki/Russia [(Switzerland) OR (Suisse)]
	https://en.wikipedia.org/wiki/Poland [(Switzerland) OR (Suisse)]
	https://en.wikipedia.org/wiki/Normandy [(Switzerland) OR (Suisse)]
	https://en.wikipedia.org/wiki/France [(Switzerland) OR (Suisse)]
	https://en.wikipedia.org/wiki/Australia [(Switzerland) OR (Suisse)]
	https://en.wikipedia.org/wiki/Europe [(Switzerland) OR (Suisse) OR (Svizzera)]
	https://en.wikipedia.org/wiki/Benito_Mussolini [(Switzerland) OR (Svizzera)]
---------------------------------------------
---------------------------------------------
Progress: 0.03793368436032446 (explored 6664 over 175675 links).
Found 186 matches. 0 urls could not be explored.
---------------------------------------------
[ERROR] [09/01/2015 14:57:13.137] [Panop-akka.actor.default-dispatcher-8] [akka://Panop/user/$c] Could not get data for https://en.wikipedia.org/wiki/Ministry_of_Jesus
[ERROR] [09/01/2015 14:57:13.137] [Panop-akka.actor.default-dispatcher-8] [akka://Panop/user/$c] connect timed out
[ERROR] [09/01/2015 14:57:25.768] [Panop-akka.actor.default-dispatcher-6] [akka://Panop/user/$l] Could not get data for https://en.wikipedia.org/wiki/Vocal
[ERROR] [09/01/2015 14:57:25.768] [Panop-akka.actor.default-dispatcher-6] [akka://Panop/user/$l] connect timed out
[ERROR] [09/01/2015 14:57:43.307] [Panop-akka.actor.default-dispatcher-3] [akka://Panop/user/$e] Could not get data for https://en.wikipedia.org/wiki/Special:Tags
[ERROR] [09/01/2015 14:57:43.307] [Panop-akka.actor.default-dispatcher-3] [akka://Panop/user/$e] Read timed out
[ERROR] [09/01/2015 14:57:50.819] [Panop-akka.actor.default-dispatcher-8] [akka://Panop/user/$g] Could not get data for https://en.wikipedia.org/wiki/All_rights_reversed
[ERROR] [09/01/2015 14:57:50.819] [Panop-akka.actor.default-dispatcher-8] [akka://Panop/user/$g] connect timed out
[ERROR] [09/01/2015 14:58:15.069] [Panop-akka.actor.default-dispatcher-3] [akka://Panop/user/$d] Could not get data for https://en.wikipedia.org/wiki/Portal:Oceania
[ERROR] [09/01/2015 14:58:15.069] [Panop-akka.actor.default-dispatcher-3] [akka://Panop/user/$d] connect timed out
[ERROR] [09/01/2015 14:58:15.070] [Panop-akka.actor.default-dispatcher-5] [akka://Panop/user/$c] Could not get data for https://en.wikipedia.org/wiki/Portal:Georgia_(U.S._state)
[ERROR] [09/01/2015 14:58:15.070] [Panop-akka.actor.default-dispatcher-5] [akka://Panop/user/$c] connect timed out
---------------------------------------------
Progress: 0.1426185186530088 (explored 43203 over 302927 links).
Found 382 matches. 0 urls could not be explored.
---------------------------------------------
---------------------------------------------
Progress: 0.14989190722607532 (explored 45969 over 306681 links).
Found 383 matches. 0 urls could not be explored.
---------------------------------------------
---------------------------------------------
Displaying results...
	https://en.wikipedia.org/wiki/Aftermath_of_the_Holocaust [(Schweitz)]
	https://en.wikipedia.org/wiki/Fossil [(Schweitz)]
	https://en.wikipedia.org/wiki/List_of_Christian_thinkers_in_science [(Schweitz)]
	https://en.wikipedia.org/wiki/Paul_the_Apostle [(Schweitz)]
	https://en.wikipedia.org/wiki/Martin_Luther_King,_Jr. [(Schweitz)]
	https://en.wikipedia.org/wiki/Louis_XIV_of_France [(Suisse)]
	https://en.wikipedia.org/wiki/Bee [(Suisse)]
	https://en.wikipedia.org/wiki/Bee [(Suisse)]
	https://en.wikipedia.org/wiki/Surrealism [(Suisse)]
	https://en.wikipedia.org/wiki/Special:Contributions/Tone [(Suisse)]
	https://en.wikipedia.org/wiki/World_War_II_in_Europe [(Switzerland)]
	https://en.wikipedia.org/wiki/Portal:Contents/Portals [(Switzerland)]
	https://en.wikipedia.org/wiki/Alexander_Graham_Bell [(Switzerland)]
	https://en.wikipedia.org/wiki/Monopoly_(game) [(Switzerland)]
	https://en.wikipedia.org/wiki/Switchboard_operator [(Switzerland)]
	https://en.wikipedia.org/wiki/Dominica [(Switzerland)]
	https://en.wikipedia.org/wiki/Academy_Award [(Switzerland)]
	https://en.wikipedia.org/wiki/Muammar_Gaddafi [(Switzerland)]
	https://en.wikipedia.org/wiki/Portal:Geography [(Switzerland)]
	https://en.wikipedia.org/wiki/September_1 [(Switzerland)]
	https://en.wikipedia.org/wiki/1939 [(Switzerland)]
	https://en.wikipedia.org/wiki/Wikipedia:Selected_anniversaries/September [(Switzerland)]
	https://en.wikipedia.org/wiki/Wikipedia:Recent_additions [(Switzerland)]
	https://en.wikipedia.org/wiki/The_Amateur_Championship [(Switzerland)]
	https://en.wikipedia.org/wiki/Portal:Featured_content [(Switzerland)]
	https://en.wikipedia.org/wiki/September_2 [(Switzerland)]
	https://en.wikipedia.org/wiki/Nazi_Germany [(Switzerland)]
	https://en.wikipedia.org/wiki/Socialist_Yugoslavia [(Switzerland)]
	https://en.wikipedia.org/wiki/1969 [(Switzerland)]
	https://en.wikipedia.org/wiki/Islamic_State_of_Iraq_and_the_Levant [(Switzerland)]
	https://en.wikipedia.org/wiki/Help:Table [(Switzerland)]
	https://en.wikipedia.org/wiki/Sikh_Gurus [(Switzerland)]
	https://en.wikipedia.org/wiki/Leonhard_Euler [(Switzerland)]
	https://en.wikipedia.org/wiki/Tilde [(Switzerland)]
	https://en.wikipedia.org/wiki/User_talk:Maproom [(Switzerland)]
	https://en.wikipedia.org/wiki/Wikipedia:List_of_shortcuts [(Switzerland)]
	https://en.wikipedia.org/wiki/Sikh_gurus [(Switzerland)]
	https://en.wikipedia.org/wiki/Creative_commons [(Switzerland)]
	https://en.wikipedia.org/wiki/Luxembourg_in_World_War_II [(Switzerland)]
	https://en.wikipedia.org/wiki/Edward_Hopper [(Switzerland)]
	https://en.wikipedia.org/wiki/World_War_II_by_country [(Switzerland)]
	https://en.wikipedia.org/wiki/Mediterranean_and_Middle_East_theatre_of_World_War_II [(Switzerland)]
	https://en.wikipedia.org/wiki/Prisoner_of_war [(Switzerland)]
	https://en.wikipedia.org/wiki/Independent_State_of_Croatia [(Switzerland)]
	https://en.wikipedia.org/wiki/Second_Sino-Japanese_War [(Switzerland)]
	https://en.wikipedia.org/wiki/Adriatic_Sea [(Switzerland)]
	https://en.wikipedia.org/wiki/Axis_power [(Switzerland)]
	https://en.wikipedia.org/wiki/Axis_power [(Switzerland)]
	https://en.wikipedia.org/wiki/Siege_of_Budapest [(Switzerland)]
	https://en.wikipedia.org/wiki/War_crime [(Switzerland)]
	https://en.wikipedia.org/wiki/Thailand_in_World_War_II [(Switzerland)]
	https://en.wikipedia.org/wiki/Denmark_in_World_War_II [(Switzerland)]
	https://en.wikipedia.org/wiki/Military_history_of_Finland_during_World_War_II [(Switzerland)]
	https://en.wikipedia.org/wiki/B-17_Flying_Fortress [(Switzerland)]
	https://en.wikipedia.org/wiki/National_Socialist_German_Workers_Party [(Switzerland)]
	https://en.wikipedia.org/wiki/Nuremberg_trials [(Switzerland)]
	https://en.wikipedia.org/wiki/Socialist_Federal_Republic_of_Yugoslavia [(Switzerland)]
	https://en.wikipedia.org/wiki/International_response_to_the_Holocaust [(Switzerland)]
	https://en.wikipedia.org/wiki/United_States [(Switzerland)]
	https://en.wikipedia.org/wiki/Western_Front_(World_War_II) [(Switzerland)]
	https://en.wikipedia.org/wiki/Mediterranean_and_Middle_East_Theatre [(Switzerland)]
	https://en.wikipedia.org/wiki/Diplomatic_history_of_World_War_II [(Switzerland)]
	https://en.wikipedia.org/wiki/Allies_of_World_War_II [(Switzerland)]
	https://en.wikipedia.org/wiki/Military_history_of_Italy_during_World_War_II [(Switzerland)]
	https://en.wikipedia.org/wiki/Romania_in_World_War_II [(Switzerland)]
	https://en.wikipedia.org/wiki/Finland [(Switzerland)]
	https://en.wikipedia.org/wiki/Maginot_Line [(Switzerland)]
	https://en.wikipedia.org/wiki/Military_history_of_Italy_during_World_War_II [(Switzerland)]
	https://en.wikipedia.org/wiki/Nazi-occupied_Europe [(Switzerland)]
	https://en.wikipedia.org/wiki/Commanders_of_World_War_II [(Switzerland)]
	https://en.wikipedia.org/wiki/Slovakia [(Switzerland)]
	https://en.wikipedia.org/wiki/Hermann_G%C3%B6ring [(Switzerland)]
	https://en.wikipedia.org/wiki/Sweden_during_World_War_II [(Switzerland)]
	https://en.wikipedia.org/wiki/Belgium_in_World_War_II [(Switzerland)]
	https://en.wikipedia.org/wiki/End_of_World_War_II_in_Europe [(Switzerland)]
	https://en.wikipedia.org/wiki/Czechoslovakia [(Switzerland)]
	https://en.wikipedia.org/wiki/Occupation_of_Baltic_Republics [(Switzerland)]
	https://en.wikipedia.org/wiki/Alfred_Delp [(Switzerland)]
	https://en.wikipedia.org/wiki/Military_history_of_Canada_during_World_War_II [(Switzerland)]
	https://en.wikipedia.org/wiki/Denazification [(Switzerland)]
	https://en.wikipedia.org/wiki/British_Army [(Switzerland)]
	https://en.wikipedia.org/wiki/Royal_Air_Force [(Switzerland)]
	https://en.wikipedia.org/wiki/European_theatre_of_World_War_II [(Switzerland)]
	https://en.wikipedia.org/wiki/Spring_1945_offensive_in_Italy [(Switzerland)]
	https://en.wikipedia.org/wiki/Denmark [(Switzerland)]
	https://en.wikipedia.org/wiki/Hideki_Tojo [(Switzerland)]
	https://en.wikipedia.org/wiki/The_Holocaust [(Switzerland)]
	https://en.wikipedia.org/wiki/Axis_leaders_of_World_War_II [(Switzerland)]
	https://en.wikipedia.org/wiki/World_War_II [(Switzerland)]
	https://en.wikipedia.org/wiki/Cold_War [(Switzerland)]
	https://en.wikipedia.org/wiki/Japanese_occupation_of_Hong_Kong [(Switzerland)]
	https://en.wikipedia.org/wiki/American_Theater_(World_War_II) [(Switzerland)]
	https://en.wikipedia.org/wiki/German_occupation_of_Czechoslovakia [(Switzerland)]
	https://en.wikipedia.org/wiki/Cupronickel [(Switzerland)]
	https://en.wikipedia.org/wiki/Norway [(Switzerland)]
	https://en.wikipedia.org/wiki/Axis_powers [(Switzerland)]
	https://en.wikipedia.org/wiki/Southern_Rhodesia_in_World_War_II [(Switzerland)]
	https://en.wikipedia.org/wiki/Southern_Rhodesia_in_World_War_II [(Switzerland)]
	https://en.wikipedia.org/wiki/Cuba_during_World_War_II [(Switzerland)]
	https://en.wikipedia.org/wiki/Italian_Social_Republic [(Switzerland)]
	https://en.wikipedia.org/wiki/Forced_labour_under_German_rule_during_World_War_II [(Switzerland)]
	https://en.wikipedia.org/wiki/French_West_Africa_in_World_War_II [(Switzerland)]
	https://en.wikipedia.org/wiki/History_of_Poland_(1939%E2%80%9345) [(Switzerland)]
	https://en.wikipedia.org/wiki/Military_history_of_the_United_Kingdom_during_World_War_II [(Switzerland)]
	https://en.wikipedia.org/wiki/Netherlands [(Switzerland)]
	https://en.wikipedia.org/wiki/Battle_of_Kursk [(Switzerland)]
	https://en.wikipedia.org/wiki/Military_history_of_South_Africa_during_World_War_II [(Switzerland)]
	https://en.wikipedia.org/wiki/UK [(Switzerland)]
	https://en.wikipedia.org/wiki/Jewish_resistance_under_Nazi_rule [(Switzerland)]
	https://en.wikipedia.org/wiki/Birmingham [(Switzerland)]
	https://en.wikipedia.org/wiki/Timeline_of_World_War_II_(1945) [(Switzerland)]
	https://en.wikipedia.org/wiki/Soviet_Union_in_World_War_II [(Switzerland)]
	https://en.wikipedia.org/wiki/World_War_II_casualties [(Switzerland)]
	https://en.wikipedia.org/wiki/Allied_leaders_of_World_War_II [(Switzerland)]
	https://en.wikipedia.org/wiki/Resistance_in_Yugoslavia [(Switzerland)]
	https://en.wikipedia.org/wiki/Free_France [(Switzerland)]
	https://en.wikipedia.org/wiki/Dutch_resistance [(Switzerland)]
	https://en.wikipedia.org/wiki/League_of_Nations [(Switzerland)]
	https://en.wikipedia.org/wiki/German_resistance_to_Nazism [(Switzerland)]
	https://en.wikipedia.org/wiki/Rotterdam [(Switzerland)]
	https://en.wikipedia.org/wiki/Slovak_Republic_(1939%E2%80%9345) [(Switzerland)]
	https://en.wikipedia.org/wiki/Military_history_of_Bulgaria_during_World_War_II [(Switzerland)]
	https://en.wikipedia.org/wiki/Battle_of_Belgium [(Switzerland)]
	https://en.wikipedia.org/wiki/France_during_World_War_II [(Switzerland)]
	https://en.wikipedia.org/wiki/Military_history_of_Greece_during_World_War_II [(Switzerland)]
	https://en.wikipedia.org/wiki/Central_Europe [(Switzerland)]
	https://en.wikipedia.org/wiki/Oder%E2%80%93Neisse_line [(Switzerland)]
	https://en.wikipedia.org/wiki/Belgium [(Switzerland)]
	https://en.wikipedia.org/wiki/Romania [(Switzerland)]
	https://en.wikipedia.org/wiki/Ion_Antonescu [(Switzerland)]
	https://en.wikipedia.org/wiki/Flight_and_expulsion_of_Germans_(1944%E2%80%9350) [(Switzerland)]
	https://en.wikipedia.org/wiki/General [(Switzerland)]
	https://en.wikipedia.org/wiki/World_War_II_in_Yugoslavia [(Switzerland)]
	https://en.wikipedia.org/wiki/Charles_de_Gaulle [(Switzerland)]
	https://en.wikipedia.org/wiki/Operation_Sea_Lion [(Switzerland)]
	https://en.wikipedia.org/wiki/Timeline_of_World_War_II_(1939) [(Switzerland)]
	https://en.wikipedia.org/wiki/Mediterranean_Theatre_of_Operations [(Switzerland)]
	https://en.wikipedia.org/wiki/Special:BookSources/067400163X [(Switzerland)]
	https://en.wikipedia.org/wiki/Adolf_Hitler [(Switzerland)]
	https://en.wikipedia.org/wiki/Albania [(Switzerland)]
	https://en.wikipedia.org/wiki/Special:BookSources/0712674535 [(Switzerland)]
	https://en.wikipedia.org/wiki/Special:BookSources/978-0-7858-2097-0 [(Switzerland)]
	https://en.wikipedia.org/wiki/Surrender_of_Japan [(Switzerland)]
	https://en.wikipedia.org/wiki/Nazi_plunder [(Switzerland)]
	https://en.wikipedia.org/wiki/Brazil [(Switzerland)]
	https://en.wikipedia.org/wiki/Special:BookSources/0091740118 [(Switzerland)]
	https://en.wikipedia.org/wiki/Special:BookSources/978-0-471-39431-0 [(Switzerland)]
	https://en.wikipedia.org/wiki/Occupation_of_the_Baltic_states [(Switzerland)]
	https://en.wikipedia.org/wiki/Carl_Gustaf_Emil_Mannerheim [(Switzerland)]
	https://en.wikipedia.org/wiki/United_Kingdom [(Switzerland)]
	https://en.wikipedia.org/wiki/Italian_fascism [(Switzerland)]
	https://en.wikipedia.org/wiki/Free_French [(Switzerland)]
	https://en.wikipedia.org/wiki/Military_history_of_the_Philippines_during_World_War_II [(Switzerland)]
	https://en.wikipedia.org/wiki/Military_history_of_the_Philippines_during_World_War_II [(Switzerland)]
	https://en.wikipedia.org/wiki/Viet_Minh [(Switzerland)]
	https://en.wikipedia.org/wiki/Military_history_of_Australia_during_World_War_II [(Switzerland)]
	https://en.wikipedia.org/wiki/Military_history_of_Australia_during_World_War_II [(Switzerland)]
	https://en.wikipedia.org/wiki/Pyroxylin [(Switzerland)]
	https://en.wikipedia.org/wiki/Neutrality_(international_relations) [(Switzerland)]
	https://en.wikipedia.org/wiki/Eastern_Front_(World_War_II) [(Switzerland)]
	https://en.wikipedia.org/wiki/Fall_of_France [(Switzerland)]
	https://en.wikipedia.org/wiki/Armed_neutrality [(Switzerland)]
	https://en.wikipedia.org/wiki/Luxembourg [(Switzerland)]
	https://en.wikipedia.org/wiki/Death_of_Benito_Mussolini [(Switzerland)]
	https://en.wikipedia.org/wiki/Italian_resistance_movement [(Switzerland)]
	https://en.wikipedia.org/wiki/Operation_Paperclip [(Switzerland)]
	https://en.wikipedia.org/wiki/India_in_World_War_II [(Switzerland)]
	https://en.wikipedia.org/wiki/Anglo-Iraqi_War [(Switzerland)]
	https://en.wikipedia.org/wiki/Military_history_of_the_United_States_during_World_War_II [(Switzerland)]
	https://en.wikipedia.org/wiki/Military_history_of_New_Zealand_during_World_War_II [(Switzerland)]
	https://en.wikipedia.org/wiki/World_War_I [(Switzerland)]
	https://en.wikipedia.org/wiki/Hungary_in_World_War_II [(Switzerland)]
	https://en.wikipedia.org/wiki/Greece [(Switzerland)]
	https://en.wikipedia.org/wiki/Italian_partisans [(Switzerland)]
	https://en.wikipedia.org/wiki/River_Rhine [(Switzerland)]
	https://en.wikipedia.org/wiki/Hermann_Wilhelm_G%C3%B6ring [(Switzerland)]
	https://en.wikipedia.org/wiki/Battle_of_France [(Switzerland)]
	https://en.wikipedia.org/wiki/Special:BookSources/0521443172 [(Switzerland)]
	https://en.wikipedia.org/wiki/Latin_America_during_World_War_II [(Switzerland)]
	https://en.wikipedia.org/wiki/Military_production_during_World_War_II [(Switzerland)]
	https://en.wikipedia.org/wiki/Scorched_earth [(Switzerland)]
	https://en.wikipedia.org/wiki/John_Lindley [(Switzerland)]
	https://en.wikipedia.org/wiki/Bulgaria [(Switzerland)]
	https://en.wikipedia.org/wiki/Meristem [(Switzerland)]
	https://en.wikipedia.org/wiki/Special:BookSources/0878934030 [(Switzerland)]
	https://en.wikipedia.org/wiki/Human_evolution [(Switzerland)]
	https://en.wikipedia.org/wiki/Alphonse_Pyrame_de_Candolle [(Switzerland)]
	https://en.wikipedia.org/wiki/Costa_Rica [(Switzerland)]
	https://en.wikipedia.org/wiki/Costa_Rica [(Switzerland)]
	https://en.wikipedia.org/wiki/Flowering_plant [(Switzerland)]
	https://en.wikipedia.org/wiki/Human_evolution [(Switzerland)]
	https://en.wikipedia.org/wiki/Special:BookSources/8428211914 [(Switzerland)]
	https://en.wikipedia.org/wiki/Flowering_plants [(Switzerland)]
	https://en.wikipedia.org/wiki/Biodiversity [(Switzerland)]
	https://en.wikipedia.org/wiki/Special:BookSources/1-900347-80-6 [(Switzerland)]
	https://en.wikipedia.org/wiki/Pueraria_lobata [(Switzerland)]
	https://en.wikipedia.org/wiki/Special:BookSources/9977649006 [(Switzerland)]
	https://en.wikipedia.org/wiki/Hong_Kong [(Switzerland)]
	https://en.wikipedia.org/wiki/Soybean [(Switzerland)]
	https://en.wikipedia.org/wiki/Angiosperms [(Switzerland)]
	https://en.wikipedia.org/wiki/Uruguay [(Switzerland)]
	https://en.wikipedia.org/wiki/Special:BookSources/87-7304-304-4 [(Switzerland)]
	https://en.wikipedia.org/wiki/DC. [(Switzerland)]
	https://en.wikipedia.org/wiki/DC. [(Switzerland)]
	https://en.wikipedia.org/wiki/Lupinus_polyphyllus [(Switzerland)]
	https://en.wikipedia.org/wiki/Special:BookSources/1-4051-8175-3 [(Switzerland)]
	https://en.wikipedia.org/wiki/Special:BookSources/1900347806 [(Switzerland)]
	https://en.wikipedia.org/wiki/95_Theses [(Switzerland)]
	https://en.wikipedia.org/wiki/Christianity [(Switzerland)]
	https://en.wikipedia.org/wiki/Anabaptists [(Switzerland)]
	https://en.wikipedia.org/wiki/Criticism_of_the_Catholic_Church [(Switzerland)]
	https://en.wikipedia.org/wiki/Purgatory [(Switzerland)]
	https://en.wikipedia.org/wiki/Latin [(Switzerland)]
	https://en.wikipedia.org/wiki/Decollation [(Switzerland)]
	https://en.wikipedia.org/wiki/Martin_Luther [(Switzerland)]
	https://en.wikipedia.org/wiki/Calvinism [(Switzerland)]
	https://en.wikipedia.org/wiki/Calvinism [(Switzerland)]
	https://en.wikipedia.org/wiki/Special:BookSources/0198270348 [(Switzerland)]
	https://en.wikipedia.org/wiki/Fasting [(Switzerland)]
	https://en.wikipedia.org/wiki/Mardi_Gras [(Switzerland)]
	https://en.wikipedia.org/wiki/Fasting [(Switzerland)]
	https://en.wikipedia.org/wiki/Fasting [(Switzerland)]
	https://en.wikipedia.org/wiki/Assumption_of_Mary [(Switzerland)]
	https://en.wikipedia.org/wiki/August_14_(Eastern_Orthodox_liturgics) [(Switzerland)]
	https://en.wikipedia.org/wiki/August_14_(Eastern_Orthodox_liturgics) [(Switzerland)]
	https://en.wikipedia.org/wiki/Wittenberg [(Switzerland)]
	https://en.wikipedia.org/wiki/Time [(Switzerland)]
	https://en.wikipedia.org/wiki/Time [(Switzerland)]
	https://en.wikipedia.org/wiki/History_of_the_Eastern_Orthodox_Church [(Switzerland)]
	https://en.wikipedia.org/wiki/Saints_Peter_and_Paul [(Switzerland)]
	https://en.wikipedia.org/wiki/Protestant_Reformation [(Switzerland)]
	https://en.wikipedia.org/wiki/Pope_Pius_XII [(Switzerland)]
	https://en.wikipedia.org/wiki/Epiphany_(holiday) [(Switzerland)]
	https://en.wikipedia.org/wiki/Pentecost [(Switzerland)]
	https://en.wikipedia.org/wiki/Martinmas [(Switzerland)]
	https://en.wikipedia.org/wiki/Ecumenism [(Switzerland)]
	https://en.wikipedia.org/wiki/Martinmas [(Switzerland)]
	https://en.wikipedia.org/wiki/Germanic_calendar [(Switzerland)]
	https://en.wikipedia.org/wiki/%27Pataphysics [(Switzerland)]
	https://en.wikipedia.org/wiki/%27Pataphysics [(Switzerland)]
	https://en.wikipedia.org/wiki/Feast_of_Saints_Peter_and_Paul [(Switzerland)]
	https://en.wikipedia.org/wiki/September_1_(Eastern_Orthodox_liturgics) [(Switzerland)]
	https://en.wikipedia.org/wiki/Pope [(Switzerland)]
	https://en.wikipedia.org/wiki/Olavus_Petri [(Switzerland)]
	https://en.wikipedia.org/wiki/Iyar [(Switzerland)]
	https://en.wikipedia.org/wiki/Olavus_Petri [(Switzerland)]
	https://en.wikipedia.org/wiki/Russian_Orthodox [(Switzerland)]
	https://en.wikipedia.org/wiki/Christianity_and_science [(Switzerland)]
	https://en.wikipedia.org/wiki/Pulpit [(Switzerland)]
	https://en.wikipedia.org/wiki/Catholic_Church [(Switzerland)]
	https://en.wikipedia.org/wiki/Special:BookSources/0687011361 [(Switzerland)]
	https://en.wikipedia.org/wiki/Pope_Paul_VI [(Switzerland)]
	https://en.wikipedia.org/wiki/Special:BookSources/0687011361 [(Switzerland)]
	https://en.wikipedia.org/wiki/Christian_culture [(Switzerland)]
	https://en.wikipedia.org/wiki/Roman_Catholic_theology [(Switzerland)]
	https://en.wikipedia.org/wiki/Corpus_Christi_(feast) [(Switzerland)]
	https://en.wikipedia.org/wiki/Roman_Catholic_theology [(Switzerland)]
	https://en.wikipedia.org/wiki/Protestantism [(Switzerland)]
	https://en.wikipedia.org/wiki/Protestantism [(Switzerland)]
	https://en.wikipedia.org/wiki/Cheesefare_Week [(Switzerland)]
	https://en.wikipedia.org/wiki/Vatican_City [(Switzerland)]
	https://en.wikipedia.org/wiki/Special:BookSources/068716575X [(Switzerland)]
	https://en.wikipedia.org/wiki/Special:BookSources/0881411388 [(Switzerland)]
	https://en.wikipedia.org/wiki/Special:BookSources/0881411388 [(Switzerland)]
	https://en.wikipedia.org/wiki/Historiography [(Switzerland)]
	https://en.wikipedia.org/wiki/British_Library [(Switzerland)]
	https://en.wikipedia.org/wiki/Historiography [(Switzerland)]
	https://en.wikipedia.org/wiki/Assyrian_Church_of_the_East [(Switzerland)]
	https://en.wikipedia.org/wiki/Holy_Day_of_Obligation [(Switzerland)]
	https://en.wikipedia.org/wiki/Holy_Day_of_Obligation [(Switzerland)]
	https://en.wikipedia.org/wiki/Special:BookSources/0814660754 [(Switzerland)]
	https://en.wikipedia.org/wiki/Nanakshahi_calendar [(Switzerland)]
	https://en.wikipedia.org/wiki/St._Patrick%27s_Day [(Switzerland)]
	https://en.wikipedia.org/wiki/Christian_denomination [(Switzerland)]
	https://en.wikipedia.org/wiki/Christian_denomination [(Switzerland)]
	https://en.wikipedia.org/wiki/Christian_denomination [(Switzerland)]
	https://en.wikipedia.org/wiki/Christian_denomination [(Switzerland)]
	https://en.wikipedia.org/wiki/Special:BookSources/0801091756 [(Switzerland)]
	https://en.wikipedia.org/wiki/Latin_liturgical_rites [(Switzerland)]
	https://en.wikipedia.org/wiki/Benedict_of_Nursia [(Switzerland)]
	https://en.wikipedia.org/wiki/Christian_architecture [(Switzerland)]
	https://en.wikipedia.org/wiki/Pentecost_Monday [(Switzerland)]
	https://en.wikipedia.org/wiki/Pentecost_Monday [(Switzerland)]
	https://en.wikipedia.org/wiki/Religious_institute_(Catholic) [(Switzerland)]
	https://en.wikipedia.org/wiki/Ambrosian_Rite [(Switzerland)]
	https://en.wikipedia.org/wiki/Saint_Patrick%27s_Day [(Switzerland)]
	https://en.wikipedia.org/wiki/Ambrosian_Rite [(Switzerland)]
	https://en.wikipedia.org/wiki/College_of_Cardinals [(Switzerland)]
	https://en.wikipedia.org/wiki/Holy_See [(Switzerland)]
	https://en.wikipedia.org/wiki/Reformed_churches [(Switzerland)]
	https://en.wikipedia.org/wiki/Assumption_of_the_Blessed_Virgin_Mary [(Switzerland)]
	https://en.wikipedia.org/wiki/History_of_Christianity [(Switzerland)]
	https://en.wikipedia.org/wiki/Special:BookSources/0195152727 [(Switzerland)]
	https://en.wikipedia.org/wiki/Christmas [(Switzerland)]
	https://en.wikipedia.org/wiki/Gregorian_chant [(Switzerland)]
	https://en.wikipedia.org/wiki/Gregorian_chant [(Switzerland)]
	https://en.wikipedia.org/wiki/Special:BookSources/1900516004 [(Switzerland)]
	https://en.wikipedia.org/wiki/Special:BookSources/0252068777 [(Switzerland)]
	https://en.wikipedia.org/wiki/Special:BookSources/0415941792 [(Switzerland)]
	https://en.wikipedia.org/wiki/Christian_music_festival [(Switzerland)]
	https://en.wikipedia.org/wiki/Christian_music_festival [(Switzerland)]
	https://en.wikipedia.org/wiki/A_cappella [(Switzerland)]
	https://en.wikipedia.org/wiki/Special:BookSources/0826417523 [(Switzerland)]
	https://en.wikipedia.org/wiki/Music_of_Georgia_(country) [(Switzerland)]
	https://en.wikipedia.org/wiki/Special:BookSources/0826417523 [(Switzerland)]
	https://en.wikipedia.org/wiki/Music_of_Georgia_(country) [(Switzerland)]
	https://en.wikipedia.org/wiki/Music_of_Georgia_(country) [(Switzerland)]
	https://en.wikipedia.org/wiki/Rock_and_roll [(Switzerland)]
	https://en.wikipedia.org/wiki/Special:BookSources/9781854248961 [(Switzerland)]
	https://en.wikipedia.org/wiki/Rock_and_roll [(Switzerland)]
	https://en.wikipedia.org/wiki/Rock_and_roll [(Switzerland)]
	https://en.wikipedia.org/wiki/Special:BookSources/9781854248961 [(Switzerland)]
	https://en.wikipedia.org/wiki/Special:BookSources/9781854248961 [(Switzerland)]
	https://en.wikipedia.org/wiki/Special:BookSources/0812213319 [(Switzerland)]
	https://en.wikipedia.org/wiki/Christian_metal [(Switzerland)]
	https://en.wikipedia.org/wiki/Christian_metal [(Switzerland)]
	https://en.wikipedia.org/wiki/Christian_metal [(Switzerland)]
	https://en.wikipedia.org/wiki/African_diaspora [(Switzerland)]
	https://en.wikipedia.org/wiki/African_diaspora [(Switzerland)]
	https://en.wikipedia.org/wiki/Special:BookSources/0879100346 [(Switzerland)]
	https://en.wikipedia.org/wiki/Special:BookSources/0879100346 [(Switzerland)]
	https://en.wikipedia.org/wiki/Special:BookSources/0879100346 [(Switzerland)]
	https://en.wikipedia.org/wiki/Racism [(Switzerland)]
	https://en.wikipedia.org/wiki/Racism [(Switzerland)]
	https://en.wikipedia.org/wiki/Wikipedia:HC [(Switzerland)]
	https://en.wikipedia.org/wiki/User_talk:Fuzheado [(Switzerland)]
	https://en.wikipedia.org/wiki/User:GusF [(Switzerland)]
	https://en.wikipedia.org/wiki/Mashup_(music) [(Switzerland)]
	https://en.wikipedia.org/wiki/Peer-to-peer [(Switzerland)]
	https://en.wikipedia.org/wiki/Mashup_(music) [(Switzerland)]
	https://en.wikipedia.org/wiki/Intellectual_property [(Switzerland)]
	https://en.wikipedia.org/wiki/Electronic_Frontier_Foundation [(Switzerland)]
	https://en.wikipedia.org/wiki/Electronic_Frontier_Foundation [(Switzerland)]
	https://en.wikipedia.org/wiki/Rickard_Falkvinge [(Switzerland)]
	https://en.wikipedia.org/wiki/Mobile_telephony [(Switzerland)]
	https://en.wikipedia.org/wiki/Electronic_Frontier_Foundation [(Switzerland)]
	https://en.wikipedia.org/wiki/Category:CS1_German-language_sources_(de) [(Switzerland)]
	https://en.wikipedia.org/wiki/Copyright_infringement [(Switzerland)]
	https://en.wikipedia.org/wiki/Category:CS1_German-language_sources_(de) [(Switzerland)]
	https://en.wikipedia.org/wiki/Category:CS1_German-language_sources_(de) [(Switzerland)]
	https://en.wikipedia.org/wiki/Berne_Convention [(Switzerland)]
	https://en.wikipedia.org/wiki/Berne_Convention [(Switzerland)]
	https://en.wikipedia.org/wiki/Open_Knowledge_Foundation [(Switzerland)]
	https://en.wikipedia.org/wiki/Societal_views_on_intellectual_property [(Switzerland)]
	https://en.wikipedia.org/wiki/Copyright [(Switzerland)]
	https://en.wikipedia.org/wiki/Pirate_Party [(Switzerland)]
	https://en.wikipedia.org/wiki/Law [(Switzerland)]
	https://en.wikipedia.org/wiki/Societal_views_on_patents [(Switzerland)]
	https://en.wikipedia.org/wiki/License [(Switzerland)]
	https://en.wikipedia.org/wiki/Law [(Switzerland)]
	https://en.wikipedia.org/wiki/Creative_Commons [(Switzerland)]
	https://en.wikipedia.org/wiki/Special:BookSources/926403174X [(Switzerland)]
	https://en.wikipedia.org/wiki/Legal [(Switzerland)]
	https://en.wikipedia.org/wiki/Special:BookSources/3-540-74830-X [(Switzerland)]
	https://en.wikipedia.org/wiki/Special:BookSources/3-540-74830-X [(Switzerland)]
	https://en.wikipedia.org/wiki/2012_Summer_Olympics [(Switzerland)]
	https://en.wikipedia.org/wiki/List_of_golf_courses_in_the_United_Kingdom [(Switzerland)]
	https://en.wikipedia.org/wiki/List_of_golf_courses_in_the_United_Kingdom [(Switzerland)]
	https://en.wikipedia.org/wiki/List_of_golf_courses_in_the_United_Kingdom [(Switzerland)]
	https://en.wikipedia.org/wiki/List_of_golf_courses_in_the_United_Kingdom [(Switzerland)]
	https://en.wikipedia.org/wiki/USA [(Switzerland)]
	https://en.wikipedia.org/wiki/Wales [(Switzerland)]
	https://en.wikipedia.org/wiki/USA [(Switzerland)]
	https://en.wikipedia.org/wiki/Special:BookSources/978-0-7864-3360-5 [(Switzerland)]
	https://en.wikipedia.org/wiki/Rory_McIlroy [(Switzerland)]
	https://en.wikipedia.org/wiki/Pound_sterling [(Switzerland)]
	https://en.wikipedia.org/wiki/London [(Switzerland)]
	https://en.wikipedia.org/wiki/Argentina [(Switzerland)]
	https://en.wikipedia.org/wiki/England [(Switzerland)]
	https://en.wikipedia.org/wiki/Pound_sterling [(Switzerland)]
	https://en.wikipedia.org/wiki/Pound_sterling [(Switzerland)]
	https://en.wikipedia.org/wiki/South_Africa [(Switzerland)]
	https://en.wikipedia.org/wiki/Portal:Kelly_Clarkson [(Switzerland)]
	https://en.wikipedia.org/wiki/Portal:Formula_One [(Switzerland)]
	https://en.wikipedia.org/wiki/Portal:Kelly_Clarkson [(Switzerland)]
	https://en.wikipedia.org/wiki/List_of_Christian_Nobel_laureates [(Switzerland) OR (Schweitz)]
	https://en.wikipedia.org/wiki/List_of_Christian_Nobel_laureates [(Switzerland) OR (Schweitz)]
	https://en.wikipedia.org/wiki/Hawker_Hunter [(Switzerland) OR (Suisse)]
	https://en.wikipedia.org/wiki/Russia [(Switzerland) OR (Suisse)]
	https://en.wikipedia.org/wiki/Poland [(Switzerland) OR (Suisse)]
	https://en.wikipedia.org/wiki/Normandy [(Switzerland) OR (Suisse)]
	https://en.wikipedia.org/wiki/France [(Switzerland) OR (Suisse)]
	https://en.wikipedia.org/wiki/Australia [(Switzerland) OR (Suisse)]
	https://en.wikipedia.org/wiki/Europe [(Switzerland) OR (Suisse) OR (Svizzera)]
	https://en.wikipedia.org/wiki/Benito_Mussolini [(Switzerland) OR (Svizzera)]
---------------------------------------------
[ERROR] [09/01/2015 14:58:33.166] [Panop-akka.actor.default-dispatcher-2] [akka://Panop/user/$e] Could not get data for https://en.wikipedia.org/wiki/Portal:IRC
[ERROR] [09/01/2015 14:58:33.166] [Panop-akka.actor.default-dispatcher-2] [akka://Panop/user/$e] connect timed out
Wrong command
---------------------------------------------
Progress: 0.18504444491846941 (explored 60724 over 328159 links).
Found 400 matches. 0 urls could not be explored.
---------------------------------------------
[ERROR] [09/01/2015 14:58:46.609] [Panop-akka.actor.default-dispatcher-12] [akka://Panop/user/$l] Could not get data for https://en.wikipedia.org/wiki/Portal:Mahayana_Buddhism
[ERROR] [09/01/2015 14:58:46.609] [Panop-akka.actor.default-dispatcher-12] [akka://Panop/user/$l] connect timed out
[ERROR] [09/01/2015 14:58:59.848] [Panop-akka.actor.default-dispatcher-12] [akka://Panop/user/$k] Could not get data for https://en.wikipedia.org/wiki/Portal:Caribbean
[ERROR] [09/01/2015 14:58:59.848] [Panop-akka.actor.default-dispatcher-12] [akka://Panop/user/$k] connect timed out
[ERROR] [09/01/2015 14:59:02.755] [Panop-akka.actor.default-dispatcher-8] [akka://Panop/user/$h] Could not get data for https://en.wikipedia.org/wiki/Portal:Celtic_Studies
[ERROR] [09/01/2015 14:59:02.755] [Panop-akka.actor.default-dispatcher-8] [akka://Panop/user/$h] connect timed out
[ERROR] [09/01/2015 14:59:06.042] [Panop-akka.actor.default-dispatcher-6] [akka://Panop/user/$j] Could not get data for https://en.wikipedia.org/wiki/Portal:Time
[ERROR] [09/01/2015 14:59:06.042] [Panop-akka.actor.default-dispatcher-6] [akka://Panop/user/$j] connect timed out
[ERROR] [09/01/2015 14:59:07.227] [Panop-akka.actor.default-dispatcher-11] [akka://Panop/user/$k] Could not get data for https://en.wikipedia.org/wiki/Portal:Chechnya
[ERROR] [09/01/2015 14:59:07.227] [Panop-akka.actor.default-dispatcher-11] [akka://Panop/user/$k] connect timed out
---------------------------------------------
Progress: 0.228968045798741 (explored 80311 over 350752 links).
Found 430 matches. 0 urls could not be explored.
---------------------------------------------
[ERROR] [09/01/2015 14:59:14.183] [Panop-akka.actor.default-dispatcher-6] [akka://Panop/user/$j] Could not get data for https://en.wikipedia.org/wiki/Portal:Statistics
[ERROR] [09/01/2015 14:59:14.183] [Panop-akka.actor.default-dispatcher-6] [akka://Panop/user/$j] connect timed out
[ERROR] [09/01/2015 14:59:17.668] [Panop-akka.actor.default-dispatcher-12] [akka://Panop/user/$d] Could not get data for https://en.wikipedia.org/wiki/Portal:U.S._Roads
[ERROR] [09/01/2015 14:59:17.668] [Panop-akka.actor.default-dispatcher-12] [akka://Panop/user/$d] connect timed out
[ERROR] [09/01/2015 14:59:46.611] [Panop-akka.actor.default-dispatcher-7] [akka://Panop/user/$c] Could not get data for https://en.wikipedia.org/wiki/Portal:Lebanon
[ERROR] [09/01/2015 14:59:46.611] [Panop-akka.actor.default-dispatcher-7] [akka://Panop/user/$c] connect timed out
[ERROR] [09/01/2015 14:59:55.157] [Panop-akka.actor.default-dispatcher-2] [akka://Panop/user/$g] Could not get data for https://en.wikipedia.org/wiki/Portal:Brussels
[ERROR] [09/01/2015 14:59:55.157] [Panop-akka.actor.default-dispatcher-2] [akka://Panop/user/$g] connect timed out
---------------------------------------------
Progress: 0.2676794528973609 (explored 102707 over 383694 links).
Found 510 matches. 0 urls could not be explored.
---------------------------------------------
[ERROR] [09/01/2015 14:59:59.057] [Panop-akka.actor.default-dispatcher-7] [akka://Panop/user/$j] Could not get data for https://en.wikipedia.org/wiki/Portal:The_Sims
[ERROR] [09/01/2015 14:59:59.057] [Panop-akka.actor.default-dispatcher-7] [akka://Panop/user/$j] connect timed out
[ERROR] [09/01/2015 15:00:00.947] [Panop-akka.actor.default-dispatcher-6] [akka://Panop/user/$l] Could not get data for https://en.wikipedia.org/wiki/Portal:England
[ERROR] [09/01/2015 15:00:00.947] [Panop-akka.actor.default-dispatcher-6] [akka://Panop/user/$l] connect timed out
[ERROR] [09/01/2015 15:00:07.876] [Panop-akka.actor.default-dispatcher-3] [akka://Panop/user/$i] Could not get data for https://en.wikipedia.org/wiki/Portal:Saskatchewan
[ERROR] [09/01/2015 15:00:07.876] [Panop-akka.actor.default-dispatcher-3] [akka://Panop/user/$i] connect timed out
[ERROR] [09/01/2015 15:00:09.121] [Panop-akka.actor.default-dispatcher-12] [akka://Panop/user/$g] Could not get data for https://en.wikipedia.org/wiki/Wikipedia:Portal/Directory
[ERROR] [09/01/2015 15:00:09.121] [Panop-akka.actor.default-dispatcher-12] [akka://Panop/user/$g] connect timed out
[ERROR] [09/01/2015 15:00:10.299] [Panop-akka.actor.default-dispatcher-13] [akka://Panop/user/$g] Could not get data for https://en.wikipedia.org/wiki/Portal:Cornwall
[ERROR] [09/01/2015 15:00:10.299] [Panop-akka.actor.default-dispatcher-13] [akka://Panop/user/$g] connect timed out
[ERROR] [09/01/2015 15:00:13.991] [Panop-akka.actor.default-dispatcher-2] [akka://Panop/user/$f] Could not get data for https://en.wikipedia.org/wiki/Portal:United_Nations
[ERROR] [09/01/2015 15:00:13.991] [Panop-akka.actor.default-dispatcher-2] [akka://Panop/user/$f] connect timed out
[ERROR] [09/01/2015 15:00:13.996] [Panop-akka.actor.default-dispatcher-11] [akka://Panop/user/$j] Could not get data for https://en.wikipedia.org/wiki/Portal:Yoruba
[ERROR] [09/01/2015 15:00:13.997] [Panop-akka.actor.default-dispatcher-11] [akka://Panop/user/$j] connect timed out
[ERROR] [09/01/2015 15:00:15.005] [Panop-akka.actor.default-dispatcher-4] [akka://Panop/user/$e] Could not get data for https://en.wikipedia.org/wiki/Portal:Nanotechnology
[ERROR] [09/01/2015 15:00:15.005] [Panop-akka.actor.default-dispatcher-4] [akka://Panop/user/$e] connect timed out
[ERROR] [09/01/2015 15:00:20.910] [Panop-akka.actor.default-dispatcher-8] [akka://Panop/user/$j] Could not get data for https://en.wikipedia.org/wiki/Portal:France
[ERROR] [09/01/2015 15:00:20.910] [Panop-akka.actor.default-dispatcher-8] [akka://Panop/user/$j] connect timed out
[ERROR] [09/01/2015 15:00:26.182] [Panop-akka.actor.default-dispatcher-7] [akka://Panop/user/$e] Could not get data for https://en.wikipedia.org/wiki/Portal:Crystallography
[ERROR] [09/01/2015 15:00:26.182] [Panop-akka.actor.default-dispatcher-7] [akka://Panop/user/$e] connect timed out
[ERROR] [09/01/2015 15:00:32.826] [Panop-akka.actor.default-dispatcher-6] [akka://Panop/user/$d] Could not get data for https://en.wikipedia.org/wiki/Portal:Dragonlance
[ERROR] [09/01/2015 15:00:32.827] [Panop-akka.actor.default-dispatcher-6] [akka://Panop/user/$d] connect timed out
[ERROR] [09/01/2015 15:00:38.390] [Panop-akka.actor.default-dispatcher-11] [akka://Panop/user/$c] Could not get data for https://en.wikipedia.org/wiki/Portal:Azerbaijan
[ERROR] [09/01/2015 15:00:38.390] [Panop-akka.actor.default-dispatcher-11] [akka://Panop/user/$c] connect timed out
[ERROR] [09/01/2015 15:00:40.538] [Panop-akka.actor.default-dispatcher-13] [akka://Panop/user/$f] Could not get data for https://en.wikipedia.org/wiki/Portal:Syrian_civil_war
[ERROR] [09/01/2015 15:00:40.538] [Panop-akka.actor.default-dispatcher-13] [akka://Panop/user/$f] connect timed out
[ERROR] [09/01/2015 15:00:41.737] [Panop-akka.actor.default-dispatcher-11] [akka://Panop/user/$l] Could not get data for https://en.wikipedia.org/wiki/Portal:Moon
[ERROR] [09/01/2015 15:00:41.737] [Panop-akka.actor.default-dispatcher-11] [akka://Panop/user/$l] connect timed out
[ERROR] [09/01/2015 15:00:45.498] [Panop-akka.actor.default-dispatcher-10] [akka://Panop/user/$g] Could not get data for https://en.wikipedia.org/wiki/Portal:Romania
[ERROR] [09/01/2015 15:00:45.498] [Panop-akka.actor.default-dispatcher-10] [akka://Panop/user/$g] connect timed out
[ERROR] [09/01/2015 15:00:47.446] [Panop-akka.actor.default-dispatcher-8] [akka://Panop/user/$c] Could not get data for https://en.wikipedia.org/wiki/Portal:Furry
[ERROR] [09/01/2015 15:00:47.446] [Panop-akka.actor.default-dispatcher-8] [akka://Panop/user/$c] connect timed out
[ERROR] [09/01/2015 15:00:56.232] [Panop-akka.actor.default-dispatcher-12] [akka://Panop/user/$k] Could not get data for https://en.wikipedia.org/wiki/Portal:Hellenismos
[ERROR] [09/01/2015 15:00:56.232] [Panop-akka.actor.default-dispatcher-12] [akka://Panop/user/$k] connect timed out
[ERROR] [09/01/2015 15:00:57.639] [Panop-akka.actor.default-dispatcher-6] [akka://Panop/user/$j] Could not get data for https://en.wikipedia.org/wiki/Portal:Furry
[ERROR] [09/01/2015 15:00:57.639] [Panop-akka.actor.default-dispatcher-6] [akka://Panop/user/$j] connect timed out
[ERROR] [09/01/2015 15:00:59.204] [Panop-akka.actor.default-dispatcher-5] [akka://Panop/user/$f] Could not get data for https://en.wikipedia.org/wiki/Portal:Underwater_diving
[ERROR] [09/01/2015 15:00:59.204] [Panop-akka.actor.default-dispatcher-5] [akka://Panop/user/$f] connect timed out
[ERROR] [09/01/2015 15:01:06.150] [Panop-akka.actor.default-dispatcher-8] [akka://Panop/user/$d] Could not get data for https://en.wikipedia.org/wiki/Portal:Kyrgyzstan
[ERROR] [09/01/2015 15:01:06.150] [Panop-akka.actor.default-dispatcher-8] [akka://Panop/user/$d] connect timed out
[ERROR] [09/01/2015 15:01:09.285] [Panop-akka.actor.default-dispatcher-3] [akka://Panop/user/$f] Could not get data for https://en.wikipedia.org/wiki/Lesser_celandine
[ERROR] [09/01/2015 15:01:09.285] [Panop-akka.actor.default-dispatcher-3] [akka://Panop/user/$f] connect timed out
[ERROR] [09/01/2015 15:01:16.279] [Panop-akka.actor.default-dispatcher-9] [akka://Panop/user/$c] Could not get data for https://en.wikipedia.org/wiki/Windward_and_leeward
[ERROR] [09/01/2015 15:01:16.279] [Panop-akka.actor.default-dispatcher-9] [akka://Panop/user/$c] connect timed out
[ERROR] [09/01/2015 15:01:22.342] [Panop-akka.actor.default-dispatcher-3] [akka://Panop/user/$k] Could not get data for https://en.wikipedia.org/wiki/Caribbean_cuisine
[ERROR] [09/01/2015 15:01:22.342] [Panop-akka.actor.default-dispatcher-3] [akka://Panop/user/$k] connect timed out
[ERROR] [09/01/2015 15:01:33.973] [Panop-akka.actor.default-dispatcher-11] [akka://Panop/user/$k] Could not get data for https://en.wikipedia.org/wiki/Category:Articles_containing_French-language_text
[ERROR] [09/01/2015 15:01:33.973] [Panop-akka.actor.default-dispatcher-11] [akka://Panop/user/$k] connect timed out
---------------------------------------------
Progress: 0.3306845336778679 (explored 144610 over 437305 links).
Found 595 matches. 0 urls could not be explored.
---------------------------------------------
---------------------------------------------
Displaying results...
	https://en.wikipedia.org/wiki/Aftermath_of_the_Holocaust [(Schweitz)]
	https://en.wikipedia.org/wiki/Fossil [(Schweitz)]
	https://en.wikipedia.org/wiki/List_of_Christian_thinkers_in_science [(Schweitz)]
	https://en.wikipedia.org/wiki/Paul_the_Apostle [(Schweitz)]
	https://en.wikipedia.org/wiki/Martin_Luther_King,_Jr. [(Schweitz)]
	https://en.wikipedia.org/wiki/Portal:Pipe_organ [(Schweitz)]
	https://en.wikipedia.org/wiki/Portal:Pipe_organ [(Schweitz)]
	https://en.wikipedia.org/wiki/Portal:Pipe_organ [(Schweitz)]
	https://en.wikipedia.org/wiki/Portal:Pipe_organ [(Schweitz)]
	https://en.wikipedia.org/wiki/Portal:Pipe_organ [(Schweitz)]
	https://en.wikipedia.org/wiki/Louis_XIV_of_France [(Suisse)]
	https://en.wikipedia.org/wiki/Bee [(Suisse)]
	https://en.wikipedia.org/wiki/Bee [(Suisse)]
	https://en.wikipedia.org/wiki/Surrealism [(Suisse)]
	https://en.wikipedia.org/wiki/Special:Contributions/Tone [(Suisse)]
	https://en.wikipedia.org/wiki/Portal:United_Arab_Emirates [(Suisse)]
	https://en.wikipedia.org/wiki/Portal:United_Arab_Emirates [(Suisse)]
	https://en.wikipedia.org/wiki/Portal:United_Arab_Emirates [(Suisse)]
	https://en.wikipedia.org/wiki/Portal:Dogs [(Suisse)]
	https://en.wikipedia.org/wiki/Portal:Dogs [(Suisse)]
	https://en.wikipedia.org/wiki/Portal:United_Arab_Emirates [(Suisse)]
	https://en.wikipedia.org/wiki/Portal:Dogs [(Suisse)]
	https://en.wikipedia.org/wiki/Portal:Dogs [(Suisse)]
	https://en.wikipedia.org/wiki/World_War_II_in_Europe [(Switzerland)]
	https://en.wikipedia.org/wiki/Portal:Contents/Portals [(Switzerland)]
	https://en.wikipedia.org/wiki/Alexander_Graham_Bell [(Switzerland)]
	https://en.wikipedia.org/wiki/Monopoly_(game) [(Switzerland)]
	https://en.wikipedia.org/wiki/Switchboard_operator [(Switzerland)]
	https://en.wikipedia.org/wiki/Dominica [(Switzerland)]
	https://en.wikipedia.org/wiki/Academy_Award [(Switzerland)]
	https://en.wikipedia.org/wiki/Muammar_Gaddafi [(Switzerland)]
	https://en.wikipedia.org/wiki/Portal:Geography [(Switzerland)]
	https://en.wikipedia.org/wiki/September_1 [(Switzerland)]
	https://en.wikipedia.org/wiki/1939 [(Switzerland)]
	https://en.wikipedia.org/wiki/Wikipedia:Selected_anniversaries/September [(Switzerland)]
	https://en.wikipedia.org/wiki/Wikipedia:Recent_additions [(Switzerland)]
	https://en.wikipedia.org/wiki/The_Amateur_Championship [(Switzerland)]
	https://en.wikipedia.org/wiki/Portal:Featured_content [(Switzerland)]
	https://en.wikipedia.org/wiki/September_2 [(Switzerland)]
	https://en.wikipedia.org/wiki/Nazi_Germany [(Switzerland)]
	https://en.wikipedia.org/wiki/Socialist_Yugoslavia [(Switzerland)]
	https://en.wikipedia.org/wiki/1969 [(Switzerland)]
	https://en.wikipedia.org/wiki/Islamic_State_of_Iraq_and_the_Levant [(Switzerland)]
	https://en.wikipedia.org/wiki/Help:Table [(Switzerland)]
	https://en.wikipedia.org/wiki/Sikh_Gurus [(Switzerland)]
	https://en.wikipedia.org/wiki/Leonhard_Euler [(Switzerland)]
	https://en.wikipedia.org/wiki/Tilde [(Switzerland)]
	https://en.wikipedia.org/wiki/User_talk:Maproom [(Switzerland)]
	https://en.wikipedia.org/wiki/Wikipedia:List_of_shortcuts [(Switzerland)]
	https://en.wikipedia.org/wiki/Sikh_gurus [(Switzerland)]
	https://en.wikipedia.org/wiki/Creative_commons [(Switzerland)]
	https://en.wikipedia.org/wiki/Luxembourg_in_World_War_II [(Switzerland)]
	https://en.wikipedia.org/wiki/Edward_Hopper [(Switzerland)]
	https://en.wikipedia.org/wiki/World_War_II_by_country [(Switzerland)]
	https://en.wikipedia.org/wiki/Mediterranean_and_Middle_East_theatre_of_World_War_II [(Switzerland)]
	https://en.wikipedia.org/wiki/Prisoner_of_war [(Switzerland)]
	https://en.wikipedia.org/wiki/Independent_State_of_Croatia [(Switzerland)]
	https://en.wikipedia.org/wiki/Second_Sino-Japanese_War [(Switzerland)]
	https://en.wikipedia.org/wiki/Adriatic_Sea [(Switzerland)]
	https://en.wikipedia.org/wiki/Axis_power [(Switzerland)]
	https://en.wikipedia.org/wiki/Axis_power [(Switzerland)]
	https://en.wikipedia.org/wiki/Siege_of_Budapest [(Switzerland)]
	https://en.wikipedia.org/wiki/War_crime [(Switzerland)]
	https://en.wikipedia.org/wiki/Thailand_in_World_War_II [(Switzerland)]
	https://en.wikipedia.org/wiki/Denmark_in_World_War_II [(Switzerland)]
	https://en.wikipedia.org/wiki/Military_history_of_Finland_during_World_War_II [(Switzerland)]
	https://en.wikipedia.org/wiki/B-17_Flying_Fortress [(Switzerland)]
	https://en.wikipedia.org/wiki/National_Socialist_German_Workers_Party [(Switzerland)]
	https://en.wikipedia.org/wiki/Nuremberg_trials [(Switzerland)]
	https://en.wikipedia.org/wiki/Socialist_Federal_Republic_of_Yugoslavia [(Switzerland)]
	https://en.wikipedia.org/wiki/International_response_to_the_Holocaust [(Switzerland)]
	https://en.wikipedia.org/wiki/United_States [(Switzerland)]
	https://en.wikipedia.org/wiki/Western_Front_(World_War_II) [(Switzerland)]
	https://en.wikipedia.org/wiki/Mediterranean_and_Middle_East_Theatre [(Switzerland)]
	https://en.wikipedia.org/wiki/Diplomatic_history_of_World_War_II [(Switzerland)]
	https://en.wikipedia.org/wiki/Allies_of_World_War_II [(Switzerland)]
	https://en.wikipedia.org/wiki/Military_history_of_Italy_during_World_War_II [(Switzerland)]
	https://en.wikipedia.org/wiki/Romania_in_World_War_II [(Switzerland)]
	https://en.wikipedia.org/wiki/Finland [(Switzerland)]
	https://en.wikipedia.org/wiki/Maginot_Line [(Switzerland)]
	https://en.wikipedia.org/wiki/Military_history_of_Italy_during_World_War_II [(Switzerland)]
	https://en.wikipedia.org/wiki/Nazi-occupied_Europe [(Switzerland)]
	https://en.wikipedia.org/wiki/Commanders_of_World_War_II [(Switzerland)]
	https://en.wikipedia.org/wiki/Slovakia [(Switzerland)]
	https://en.wikipedia.org/wiki/Hermann_G%C3%B6ring [(Switzerland)]
	https://en.wikipedia.org/wiki/Sweden_during_World_War_II [(Switzerland)]
	https://en.wikipedia.org/wiki/Belgium_in_World_War_II [(Switzerland)]
	https://en.wikipedia.org/wiki/End_of_World_War_II_in_Europe [(Switzerland)]
	https://en.wikipedia.org/wiki/Czechoslovakia [(Switzerland)]
	https://en.wikipedia.org/wiki/Occupation_of_Baltic_Republics [(Switzerland)]
	https://en.wikipedia.org/wiki/Alfred_Delp [(Switzerland)]
	https://en.wikipedia.org/wiki/Military_history_of_Canada_during_World_War_II [(Switzerland)]
	https://en.wikipedia.org/wiki/Denazification [(Switzerland)]
	https://en.wikipedia.org/wiki/British_Army [(Switzerland)]
	https://en.wikipedia.org/wiki/Royal_Air_Force [(Switzerland)]
	https://en.wikipedia.org/wiki/European_theatre_of_World_War_II [(Switzerland)]
	https://en.wikipedia.org/wiki/Spring_1945_offensive_in_Italy [(Switzerland)]
	https://en.wikipedia.org/wiki/Denmark [(Switzerland)]
	https://en.wikipedia.org/wiki/Hideki_Tojo [(Switzerland)]
	https://en.wikipedia.org/wiki/The_Holocaust [(Switzerland)]
	https://en.wikipedia.org/wiki/Axis_leaders_of_World_War_II [(Switzerland)]
	https://en.wikipedia.org/wiki/World_War_II [(Switzerland)]
	https://en.wikipedia.org/wiki/Cold_War [(Switzerland)]
	https://en.wikipedia.org/wiki/Japanese_occupation_of_Hong_Kong [(Switzerland)]
	https://en.wikipedia.org/wiki/American_Theater_(World_War_II) [(Switzerland)]
	https://en.wikipedia.org/wiki/German_occupation_of_Czechoslovakia [(Switzerland)]
	https://en.wikipedia.org/wiki/Cupronickel [(Switzerland)]
	https://en.wikipedia.org/wiki/Norway [(Switzerland)]
	https://en.wikipedia.org/wiki/Axis_powers [(Switzerland)]
	https://en.wikipedia.org/wiki/Southern_Rhodesia_in_World_War_II [(Switzerland)]
	https://en.wikipedia.org/wiki/Southern_Rhodesia_in_World_War_II [(Switzerland)]
	https://en.wikipedia.org/wiki/Cuba_during_World_War_II [(Switzerland)]
	https://en.wikipedia.org/wiki/Italian_Social_Republic [(Switzerland)]
	https://en.wikipedia.org/wiki/Forced_labour_under_German_rule_during_World_War_II [(Switzerland)]
	https://en.wikipedia.org/wiki/French_West_Africa_in_World_War_II [(Switzerland)]
	https://en.wikipedia.org/wiki/History_of_Poland_(1939%E2%80%9345) [(Switzerland)]
	https://en.wikipedia.org/wiki/Military_history_of_the_United_Kingdom_during_World_War_II [(Switzerland)]
	https://en.wikipedia.org/wiki/Netherlands [(Switzerland)]
	https://en.wikipedia.org/wiki/Battle_of_Kursk [(Switzerland)]
	https://en.wikipedia.org/wiki/Military_history_of_South_Africa_during_World_War_II [(Switzerland)]
	https://en.wikipedia.org/wiki/UK [(Switzerland)]
	https://en.wikipedia.org/wiki/Jewish_resistance_under_Nazi_rule [(Switzerland)]
	https://en.wikipedia.org/wiki/Birmingham [(Switzerland)]
	https://en.wikipedia.org/wiki/Timeline_of_World_War_II_(1945) [(Switzerland)]
	https://en.wikipedia.org/wiki/Soviet_Union_in_World_War_II [(Switzerland)]
	https://en.wikipedia.org/wiki/World_War_II_casualties [(Switzerland)]
	https://en.wikipedia.org/wiki/Allied_leaders_of_World_War_II [(Switzerland)]
	https://en.wikipedia.org/wiki/Resistance_in_Yugoslavia [(Switzerland)]
	https://en.wikipedia.org/wiki/Free_France [(Switzerland)]
	https://en.wikipedia.org/wiki/Dutch_resistance [(Switzerland)]
	https://en.wikipedia.org/wiki/League_of_Nations [(Switzerland)]
	https://en.wikipedia.org/wiki/German_resistance_to_Nazism [(Switzerland)]
	https://en.wikipedia.org/wiki/Rotterdam [(Switzerland)]
	https://en.wikipedia.org/wiki/Slovak_Republic_(1939%E2%80%9345) [(Switzerland)]
	https://en.wikipedia.org/wiki/Military_history_of_Bulgaria_during_World_War_II [(Switzerland)]
	https://en.wikipedia.org/wiki/Battle_of_Belgium [(Switzerland)]
	https://en.wikipedia.org/wiki/France_during_World_War_II [(Switzerland)]
	https://en.wikipedia.org/wiki/Military_history_of_Greece_during_World_War_II [(Switzerland)]
	https://en.wikipedia.org/wiki/Central_Europe [(Switzerland)]
	https://en.wikipedia.org/wiki/Oder%E2%80%93Neisse_line [(Switzerland)]
	https://en.wikipedia.org/wiki/Belgium [(Switzerland)]
	https://en.wikipedia.org/wiki/Romania [(Switzerland)]
	https://en.wikipedia.org/wiki/Ion_Antonescu [(Switzerland)]
	https://en.wikipedia.org/wiki/Flight_and_expulsion_of_Germans_(1944%E2%80%9350) [(Switzerland)]
	https://en.wikipedia.org/wiki/General [(Switzerland)]
	https://en.wikipedia.org/wiki/World_War_II_in_Yugoslavia [(Switzerland)]
	https://en.wikipedia.org/wiki/Charles_de_Gaulle [(Switzerland)]
	https://en.wikipedia.org/wiki/Operation_Sea_Lion [(Switzerland)]
	https://en.wikipedia.org/wiki/Timeline_of_World_War_II_(1939) [(Switzerland)]
	https://en.wikipedia.org/wiki/Mediterranean_Theatre_of_Operations [(Switzerland)]
	https://en.wikipedia.org/wiki/Special:BookSources/067400163X [(Switzerland)]
	https://en.wikipedia.org/wiki/Adolf_Hitler [(Switzerland)]
	https://en.wikipedia.org/wiki/Albania [(Switzerland)]
	https://en.wikipedia.org/wiki/Special:BookSources/0712674535 [(Switzerland)]
	https://en.wikipedia.org/wiki/Special:BookSources/978-0-7858-2097-0 [(Switzerland)]
	https://en.wikipedia.org/wiki/Surrender_of_Japan [(Switzerland)]
	https://en.wikipedia.org/wiki/Nazi_plunder [(Switzerland)]
	https://en.wikipedia.org/wiki/Brazil [(Switzerland)]
	https://en.wikipedia.org/wiki/Special:BookSources/0091740118 [(Switzerland)]
	https://en.wikipedia.org/wiki/Special:BookSources/978-0-471-39431-0 [(Switzerland)]
	https://en.wikipedia.org/wiki/Occupation_of_the_Baltic_states [(Switzerland)]
	https://en.wikipedia.org/wiki/Carl_Gustaf_Emil_Mannerheim [(Switzerland)]
	https://en.wikipedia.org/wiki/United_Kingdom [(Switzerland)]
	https://en.wikipedia.org/wiki/Italian_fascism [(Switzerland)]
	https://en.wikipedia.org/wiki/Free_French [(Switzerland)]
	https://en.wikipedia.org/wiki/Military_history_of_the_Philippines_during_World_War_II [(Switzerland)]
	https://en.wikipedia.org/wiki/Military_history_of_the_Philippines_during_World_War_II [(Switzerland)]
	https://en.wikipedia.org/wiki/Viet_Minh [(Switzerland)]
	https://en.wikipedia.org/wiki/Military_history_of_Australia_during_World_War_II [(Switzerland)]
	https://en.wikipedia.org/wiki/Military_history_of_Australia_during_World_War_II [(Switzerland)]
	https://en.wikipedia.org/wiki/Pyroxylin [(Switzerland)]
	https://en.wikipedia.org/wiki/Neutrality_(international_relations) [(Switzerland)]
	https://en.wikipedia.org/wiki/Eastern_Front_(World_War_II) [(Switzerland)]
	https://en.wikipedia.org/wiki/Fall_of_France [(Switzerland)]
	https://en.wikipedia.org/wiki/Armed_neutrality [(Switzerland)]
	https://en.wikipedia.org/wiki/Luxembourg [(Switzerland)]
	https://en.wikipedia.org/wiki/Death_of_Benito_Mussolini [(Switzerland)]
	https://en.wikipedia.org/wiki/Italian_resistance_movement [(Switzerland)]
	https://en.wikipedia.org/wiki/Operation_Paperclip [(Switzerland)]
	https://en.wikipedia.org/wiki/India_in_World_War_II [(Switzerland)]
	https://en.wikipedia.org/wiki/Anglo-Iraqi_War [(Switzerland)]
	https://en.wikipedia.org/wiki/Military_history_of_the_United_States_during_World_War_II [(Switzerland)]
	https://en.wikipedia.org/wiki/Military_history_of_New_Zealand_during_World_War_II [(Switzerland)]
	https://en.wikipedia.org/wiki/World_War_I [(Switzerland)]
	https://en.wikipedia.org/wiki/Hungary_in_World_War_II [(Switzerland)]
	https://en.wikipedia.org/wiki/Greece [(Switzerland)]
	https://en.wikipedia.org/wiki/Italian_partisans [(Switzerland)]
	https://en.wikipedia.org/wiki/River_Rhine [(Switzerland)]
	https://en.wikipedia.org/wiki/Hermann_Wilhelm_G%C3%B6ring [(Switzerland)]
	https://en.wikipedia.org/wiki/Battle_of_France [(Switzerland)]
	https://en.wikipedia.org/wiki/Special:BookSources/0521443172 [(Switzerland)]
	https://en.wikipedia.org/wiki/Latin_America_during_World_War_II [(Switzerland)]
	https://en.wikipedia.org/wiki/Military_production_during_World_War_II [(Switzerland)]
	https://en.wikipedia.org/wiki/Scorched_earth [(Switzerland)]
	https://en.wikipedia.org/wiki/John_Lindley [(Switzerland)]
	https://en.wikipedia.org/wiki/Bulgaria [(Switzerland)]
	https://en.wikipedia.org/wiki/Meristem [(Switzerland)]
	https://en.wikipedia.org/wiki/Special:BookSources/0878934030 [(Switzerland)]
	https://en.wikipedia.org/wiki/Human_evolution [(Switzerland)]
	https://en.wikipedia.org/wiki/Alphonse_Pyrame_de_Candolle [(Switzerland)]
	https://en.wikipedia.org/wiki/Costa_Rica [(Switzerland)]
	https://en.wikipedia.org/wiki/Costa_Rica [(Switzerland)]
	https://en.wikipedia.org/wiki/Flowering_plant [(Switzerland)]
	https://en.wikipedia.org/wiki/Human_evolution [(Switzerland)]
	https://en.wikipedia.org/wiki/Special:BookSources/8428211914 [(Switzerland)]
	https://en.wikipedia.org/wiki/Flowering_plants [(Switzerland)]
	https://en.wikipedia.org/wiki/Biodiversity [(Switzerland)]
	https://en.wikipedia.org/wiki/Special:BookSources/1-900347-80-6 [(Switzerland)]
	https://en.wikipedia.org/wiki/Pueraria_lobata [(Switzerland)]
	https://en.wikipedia.org/wiki/Special:BookSources/9977649006 [(Switzerland)]
	https://en.wikipedia.org/wiki/Hong_Kong [(Switzerland)]
	https://en.wikipedia.org/wiki/Soybean [(Switzerland)]
	https://en.wikipedia.org/wiki/Angiosperms [(Switzerland)]
	https://en.wikipedia.org/wiki/Uruguay [(Switzerland)]
	https://en.wikipedia.org/wiki/Special:BookSources/87-7304-304-4 [(Switzerland)]
	https://en.wikipedia.org/wiki/DC. [(Switzerland)]
	https://en.wikipedia.org/wiki/DC. [(Switzerland)]
	https://en.wikipedia.org/wiki/Lupinus_polyphyllus [(Switzerland)]
	https://en.wikipedia.org/wiki/Special:BookSources/1-4051-8175-3 [(Switzerland)]
	https://en.wikipedia.org/wiki/Special:BookSources/1900347806 [(Switzerland)]
	https://en.wikipedia.org/wiki/95_Theses [(Switzerland)]
	https://en.wikipedia.org/wiki/Christianity [(Switzerland)]
	https://en.wikipedia.org/wiki/Anabaptists [(Switzerland)]
	https://en.wikipedia.org/wiki/Criticism_of_the_Catholic_Church [(Switzerland)]
	https://en.wikipedia.org/wiki/Purgatory [(Switzerland)]
	https://en.wikipedia.org/wiki/Latin [(Switzerland)]
	https://en.wikipedia.org/wiki/Decollation [(Switzerland)]
	https://en.wikipedia.org/wiki/Martin_Luther [(Switzerland)]
	https://en.wikipedia.org/wiki/Calvinism [(Switzerland)]
	https://en.wikipedia.org/wiki/Calvinism [(Switzerland)]
	https://en.wikipedia.org/wiki/Special:BookSources/0198270348 [(Switzerland)]
	https://en.wikipedia.org/wiki/Fasting [(Switzerland)]
	https://en.wikipedia.org/wiki/Mardi_Gras [(Switzerland)]
	https://en.wikipedia.org/wiki/Fasting [(Switzerland)]
	https://en.wikipedia.org/wiki/Fasting [(Switzerland)]
	https://en.wikipedia.org/wiki/Assumption_of_Mary [(Switzerland)]
	https://en.wikipedia.org/wiki/August_14_(Eastern_Orthodox_liturgics) [(Switzerland)]
	https://en.wikipedia.org/wiki/August_14_(Eastern_Orthodox_liturgics) [(Switzerland)]
	https://en.wikipedia.org/wiki/Wittenberg [(Switzerland)]
	https://en.wikipedia.org/wiki/Time [(Switzerland)]
	https://en.wikipedia.org/wiki/Time [(Switzerland)]
	https://en.wikipedia.org/wiki/History_of_the_Eastern_Orthodox_Church [(Switzerland)]
	https://en.wikipedia.org/wiki/Saints_Peter_and_Paul [(Switzerland)]
	https://en.wikipedia.org/wiki/Protestant_Reformation [(Switzerland)]
	https://en.wikipedia.org/wiki/Pope_Pius_XII [(Switzerland)]
	https://en.wikipedia.org/wiki/Epiphany_(holiday) [(Switzerland)]
	https://en.wikipedia.org/wiki/Pentecost [(Switzerland)]
	https://en.wikipedia.org/wiki/Martinmas [(Switzerland)]
	https://en.wikipedia.org/wiki/Ecumenism [(Switzerland)]
	https://en.wikipedia.org/wiki/Martinmas [(Switzerland)]
	https://en.wikipedia.org/wiki/Germanic_calendar [(Switzerland)]
	https://en.wikipedia.org/wiki/%27Pataphysics [(Switzerland)]
	https://en.wikipedia.org/wiki/%27Pataphysics [(Switzerland)]
	https://en.wikipedia.org/wiki/Feast_of_Saints_Peter_and_Paul [(Switzerland)]
	https://en.wikipedia.org/wiki/September_1_(Eastern_Orthodox_liturgics) [(Switzerland)]
	https://en.wikipedia.org/wiki/Pope [(Switzerland)]
	https://en.wikipedia.org/wiki/Olavus_Petri [(Switzerland)]
	https://en.wikipedia.org/wiki/Iyar [(Switzerland)]
	https://en.wikipedia.org/wiki/Olavus_Petri [(Switzerland)]
	https://en.wikipedia.org/wiki/Russian_Orthodox [(Switzerland)]
	https://en.wikipedia.org/wiki/Christianity_and_science [(Switzerland)]
	https://en.wikipedia.org/wiki/Pulpit [(Switzerland)]
	https://en.wikipedia.org/wiki/Catholic_Church [(Switzerland)]
	https://en.wikipedia.org/wiki/Special:BookSources/0687011361 [(Switzerland)]
	https://en.wikipedia.org/wiki/Pope_Paul_VI [(Switzerland)]
	https://en.wikipedia.org/wiki/Special:BookSources/0687011361 [(Switzerland)]
	https://en.wikipedia.org/wiki/Christian_culture [(Switzerland)]
	https://en.wikipedia.org/wiki/Roman_Catholic_theology [(Switzerland)]
	https://en.wikipedia.org/wiki/Corpus_Christi_(feast) [(Switzerland)]
	https://en.wikipedia.org/wiki/Roman_Catholic_theology [(Switzerland)]
	https://en.wikipedia.org/wiki/Protestantism [(Switzerland)]
	https://en.wikipedia.org/wiki/Protestantism [(Switzerland)]
	https://en.wikipedia.org/wiki/Cheesefare_Week [(Switzerland)]
	https://en.wikipedia.org/wiki/Vatican_City [(Switzerland)]
	https://en.wikipedia.org/wiki/Special:BookSources/068716575X [(Switzerland)]
	https://en.wikipedia.org/wiki/Special:BookSources/0881411388 [(Switzerland)]
	https://en.wikipedia.org/wiki/Special:BookSources/0881411388 [(Switzerland)]
	https://en.wikipedia.org/wiki/Historiography [(Switzerland)]
	https://en.wikipedia.org/wiki/British_Library [(Switzerland)]
	https://en.wikipedia.org/wiki/Historiography [(Switzerland)]
	https://en.wikipedia.org/wiki/Assyrian_Church_of_the_East [(Switzerland)]
	https://en.wikipedia.org/wiki/Holy_Day_of_Obligation [(Switzerland)]
	https://en.wikipedia.org/wiki/Holy_Day_of_Obligation [(Switzerland)]
	https://en.wikipedia.org/wiki/Special:BookSources/0814660754 [(Switzerland)]
	https://en.wikipedia.org/wiki/Nanakshahi_calendar [(Switzerland)]
	https://en.wikipedia.org/wiki/St._Patrick%27s_Day [(Switzerland)]
	https://en.wikipedia.org/wiki/Christian_denomination [(Switzerland)]
	https://en.wikipedia.org/wiki/Christian_denomination [(Switzerland)]
	https://en.wikipedia.org/wiki/Christian_denomination [(Switzerland)]
	https://en.wikipedia.org/wiki/Christian_denomination [(Switzerland)]
	https://en.wikipedia.org/wiki/Special:BookSources/0801091756 [(Switzerland)]
	https://en.wikipedia.org/wiki/Latin_liturgical_rites [(Switzerland)]
	https://en.wikipedia.org/wiki/Benedict_of_Nursia [(Switzerland)]
	https://en.wikipedia.org/wiki/Christian_architecture [(Switzerland)]
	https://en.wikipedia.org/wiki/Pentecost_Monday [(Switzerland)]
	https://en.wikipedia.org/wiki/Pentecost_Monday [(Switzerland)]
	https://en.wikipedia.org/wiki/Religious_institute_(Catholic) [(Switzerland)]
	https://en.wikipedia.org/wiki/Ambrosian_Rite [(Switzerland)]
	https://en.wikipedia.org/wiki/Saint_Patrick%27s_Day [(Switzerland)]
	https://en.wikipedia.org/wiki/Ambrosian_Rite [(Switzerland)]
	https://en.wikipedia.org/wiki/College_of_Cardinals [(Switzerland)]
	https://en.wikipedia.org/wiki/Holy_See [(Switzerland)]
	https://en.wikipedia.org/wiki/Reformed_churches [(Switzerland)]
	https://en.wikipedia.org/wiki/Assumption_of_the_Blessed_Virgin_Mary [(Switzerland)]
	https://en.wikipedia.org/wiki/History_of_Christianity [(Switzerland)]
	https://en.wikipedia.org/wiki/Special:BookSources/0195152727 [(Switzerland)]
	https://en.wikipedia.org/wiki/Christmas [(Switzerland)]
	https://en.wikipedia.org/wiki/Gregorian_chant [(Switzerland)]
	https://en.wikipedia.org/wiki/Gregorian_chant [(Switzerland)]
	https://en.wikipedia.org/wiki/Special:BookSources/1900516004 [(Switzerland)]
	https://en.wikipedia.org/wiki/Special:BookSources/0252068777 [(Switzerland)]
	https://en.wikipedia.org/wiki/Special:BookSources/0415941792 [(Switzerland)]
	https://en.wikipedia.org/wiki/Christian_music_festival [(Switzerland)]
	https://en.wikipedia.org/wiki/Christian_music_festival [(Switzerland)]
	https://en.wikipedia.org/wiki/A_cappella [(Switzerland)]
	https://en.wikipedia.org/wiki/Special:BookSources/0826417523 [(Switzerland)]
	https://en.wikipedia.org/wiki/Music_of_Georgia_(country) [(Switzerland)]
	https://en.wikipedia.org/wiki/Special:BookSources/0826417523 [(Switzerland)]
	https://en.wikipedia.org/wiki/Music_of_Georgia_(country) [(Switzerland)]
	https://en.wikipedia.org/wiki/Music_of_Georgia_(country) [(Switzerland)]
	https://en.wikipedia.org/wiki/Rock_and_roll [(Switzerland)]
	https://en.wikipedia.org/wiki/Special:BookSources/9781854248961 [(Switzerland)]
	https://en.wikipedia.org/wiki/Rock_and_roll [(Switzerland)]
	https://en.wikipedia.org/wiki/Rock_and_roll [(Switzerland)]
	https://en.wikipedia.org/wiki/Special:BookSources/9781854248961 [(Switzerland)]
	https://en.wikipedia.org/wiki/Special:BookSources/9781854248961 [(Switzerland)]
	https://en.wikipedia.org/wiki/Special:BookSources/0812213319 [(Switzerland)]
	https://en.wikipedia.org/wiki/Christian_metal [(Switzerland)]
	https://en.wikipedia.org/wiki/Christian_metal [(Switzerland)]
	https://en.wikipedia.org/wiki/Christian_metal [(Switzerland)]
	https://en.wikipedia.org/wiki/African_diaspora [(Switzerland)]
	https://en.wikipedia.org/wiki/African_diaspora [(Switzerland)]
	https://en.wikipedia.org/wiki/Special:BookSources/0879100346 [(Switzerland)]
	https://en.wikipedia.org/wiki/Special:BookSources/0879100346 [(Switzerland)]
	https://en.wikipedia.org/wiki/Special:BookSources/0879100346 [(Switzerland)]
	https://en.wikipedia.org/wiki/Racism [(Switzerland)]
	https://en.wikipedia.org/wiki/Racism [(Switzerland)]
	https://en.wikipedia.org/wiki/Wikipedia:HC [(Switzerland)]
	https://en.wikipedia.org/wiki/User_talk:Fuzheado [(Switzerland)]
	https://en.wikipedia.org/wiki/User:GusF [(Switzerland)]
	https://en.wikipedia.org/wiki/Mashup_(music) [(Switzerland)]
	https://en.wikipedia.org/wiki/Peer-to-peer [(Switzerland)]
	https://en.wikipedia.org/wiki/Mashup_(music) [(Switzerland)]
	https://en.wikipedia.org/wiki/Intellectual_property [(Switzerland)]
	https://en.wikipedia.org/wiki/Electronic_Frontier_Foundation [(Switzerland)]
	https://en.wikipedia.org/wiki/Electronic_Frontier_Foundation [(Switzerland)]
	https://en.wikipedia.org/wiki/Rickard_Falkvinge [(Switzerland)]
	https://en.wikipedia.org/wiki/Mobile_telephony [(Switzerland)]
	https://en.wikipedia.org/wiki/Electronic_Frontier_Foundation [(Switzerland)]
	https://en.wikipedia.org/wiki/Category:CS1_German-language_sources_(de) [(Switzerland)]
	https://en.wikipedia.org/wiki/Copyright_infringement [(Switzerland)]
	https://en.wikipedia.org/wiki/Category:CS1_German-language_sources_(de) [(Switzerland)]
	https://en.wikipedia.org/wiki/Category:CS1_German-language_sources_(de) [(Switzerland)]
	https://en.wikipedia.org/wiki/Berne_Convention [(Switzerland)]
	https://en.wikipedia.org/wiki/Berne_Convention [(Switzerland)]
	https://en.wikipedia.org/wiki/Open_Knowledge_Foundation [(Switzerland)]
	https://en.wikipedia.org/wiki/Societal_views_on_intellectual_property [(Switzerland)]
	https://en.wikipedia.org/wiki/Copyright [(Switzerland)]
	https://en.wikipedia.org/wiki/Pirate_Party [(Switzerland)]
	https://en.wikipedia.org/wiki/Law [(Switzerland)]
	https://en.wikipedia.org/wiki/Societal_views_on_patents [(Switzerland)]
	https://en.wikipedia.org/wiki/License [(Switzerland)]
	https://en.wikipedia.org/wiki/Law [(Switzerland)]
	https://en.wikipedia.org/wiki/Creative_Commons [(Switzerland)]
	https://en.wikipedia.org/wiki/Special:BookSources/926403174X [(Switzerland)]
	https://en.wikipedia.org/wiki/Legal [(Switzerland)]
	https://en.wikipedia.org/wiki/Special:BookSources/3-540-74830-X [(Switzerland)]
	https://en.wikipedia.org/wiki/Special:BookSources/3-540-74830-X [(Switzerland)]
	https://en.wikipedia.org/wiki/2012_Summer_Olympics [(Switzerland)]
	https://en.wikipedia.org/wiki/List_of_golf_courses_in_the_United_Kingdom [(Switzerland)]
	https://en.wikipedia.org/wiki/List_of_golf_courses_in_the_United_Kingdom [(Switzerland)]
	https://en.wikipedia.org/wiki/List_of_golf_courses_in_the_United_Kingdom [(Switzerland)]
	https://en.wikipedia.org/wiki/List_of_golf_courses_in_the_United_Kingdom [(Switzerland)]
	https://en.wikipedia.org/wiki/USA [(Switzerland)]
	https://en.wikipedia.org/wiki/Wales [(Switzerland)]
	https://en.wikipedia.org/wiki/USA [(Switzerland)]
	https://en.wikipedia.org/wiki/Special:BookSources/978-0-7864-3360-5 [(Switzerland)]
	https://en.wikipedia.org/wiki/Rory_McIlroy [(Switzerland)]
	https://en.wikipedia.org/wiki/Pound_sterling [(Switzerland)]
	https://en.wikipedia.org/wiki/London [(Switzerland)]
	https://en.wikipedia.org/wiki/Argentina [(Switzerland)]
	https://en.wikipedia.org/wiki/England [(Switzerland)]
	https://en.wikipedia.org/wiki/Pound_sterling [(Switzerland)]
	https://en.wikipedia.org/wiki/Pound_sterling [(Switzerland)]
	https://en.wikipedia.org/wiki/South_Africa [(Switzerland)]
	https://en.wikipedia.org/wiki/Portal:Kelly_Clarkson [(Switzerland)]
	https://en.wikipedia.org/wiki/Portal:Formula_One [(Switzerland)]
	https://en.wikipedia.org/wiki/Portal:Kelly_Clarkson [(Switzerland)]
	https://en.wikipedia.org/wiki/Portal:Kelly_Clarkson [(Switzerland)]
	https://en.wikipedia.org/wiki/Portal:Philately [(Switzerland)]
	https://en.wikipedia.org/wiki/Portal:Philately [(Switzerland)]
	https://en.wikipedia.org/wiki/Portal:Formula_One [(Switzerland)]
	https://en.wikipedia.org/wiki/Portal:Kelly_Clarkson [(Switzerland)]
	https://en.wikipedia.org/wiki/Portal:Bavaria [(Switzerland)]
	https://en.wikipedia.org/wiki/Portal:Palestine [(Switzerland)]
	https://en.wikipedia.org/wiki/Portal:Bavaria [(Switzerland)]
	https://en.wikipedia.org/wiki/Portal:Football_in_Germany [(Switzerland)]
	https://en.wikipedia.org/wiki/Portal:Palestine [(Switzerland)]
	https://en.wikipedia.org/wiki/Portal:Vienna [(Switzerland)]
	https://en.wikipedia.org/wiki/Portal:Vienna [(Switzerland)]
	https://en.wikipedia.org/wiki/Portal:Hinduism [(Switzerland)]
	https://en.wikipedia.org/wiki/Portal:Formula_One [(Switzerland)]
	https://en.wikipedia.org/wiki/Portal:Hinduism [(Switzerland)]
	https://en.wikipedia.org/wiki/Portal:Bavaria [(Switzerland)]
	https://en.wikipedia.org/wiki/Portal:Football_in_Germany [(Switzerland)]
	https://en.wikipedia.org/wiki/Portal:Palestine [(Switzerland)]
	https://en.wikipedia.org/wiki/Portal:Football_in_Germany [(Switzerland)]
	https://en.wikipedia.org/wiki/Portal:Palestine [(Switzerland)]
	https://en.wikipedia.org/wiki/Portal:Football_in_Germany [(Switzerland)]
	https://en.wikipedia.org/wiki/Portal:Nickelodeon [(Switzerland)]
	https://en.wikipedia.org/wiki/Portal:Vienna [(Switzerland)]
	https://en.wikipedia.org/wiki/Portal:Nickelodeon [(Switzerland)]
	https://en.wikipedia.org/wiki/Portal:Vienna [(Switzerland)]
	https://en.wikipedia.org/wiki/Portal:Nickelodeon [(Switzerland)]
	https://en.wikipedia.org/wiki/Portal:Nickelodeon [(Switzerland)]
	https://en.wikipedia.org/wiki/Portal:Hinduism [(Switzerland)]
	https://en.wikipedia.org/wiki/Portal:Republic_of_Macedonia [(Switzerland)]
	https://en.wikipedia.org/wiki/Portal:Environment [(Switzerland)]
	https://en.wikipedia.org/wiki/Portal:Queen_(band) [(Switzerland)]
	https://en.wikipedia.org/wiki/Portal:Queen_(band) [(Switzerland)]
	https://en.wikipedia.org/wiki/Portal:Tank [(Switzerland)]
	https://en.wikipedia.org/wiki/Portal:Psychiatry [(Switzerland)]
	https://en.wikipedia.org/wiki/Portal:Luxembourg [(Switzerland)]
	https://en.wikipedia.org/wiki/Portal:Time [(Switzerland)]
	https://en.wikipedia.org/wiki/Portal:Psychiatry [(Switzerland)]
	https://en.wikipedia.org/wiki/Portal:Psychiatry [(Switzerland)]
	https://en.wikipedia.org/wiki/Portal:Psychiatry [(Switzerland)]
	https://en.wikipedia.org/wiki/Portal:Environment [(Switzerland)]
	https://en.wikipedia.org/wiki/Portal:Environment [(Switzerland)]
	https://en.wikipedia.org/wiki/Portal:Indian_religions [(Switzerland)]
	https://en.wikipedia.org/wiki/Portal:Anabaptism [(Switzerland)]
	https://en.wikipedia.org/wiki/Portal:Eurovision [(Switzerland)]
	https://en.wikipedia.org/wiki/Portal:Tank [(Switzerland)]
	https://en.wikipedia.org/wiki/Portal:World_War_I [(Switzerland)]
	https://en.wikipedia.org/wiki/Portal:Luxembourg [(Switzerland)]
	https://en.wikipedia.org/wiki/Portal:Current_events/Sports [(Switzerland)]
	https://en.wikipedia.org/wiki/Portal:Eurovision [(Switzerland)]
	https://en.wikipedia.org/wiki/Portal:Current_events/Sports [(Switzerland)]
	https://en.wikipedia.org/wiki/Portal:Anabaptism [(Switzerland)]
	https://en.wikipedia.org/wiki/Portal:Eurovision [(Switzerland)]
	https://en.wikipedia.org/wiki/Portal:Togo [(Switzerland)]
	https://en.wikipedia.org/wiki/Portal:Time [(Switzerland)]
	https://en.wikipedia.org/wiki/Portal:Time [(Switzerland)]
	https://en.wikipedia.org/wiki/Portal:Mombasa [(Switzerland)]
	https://en.wikipedia.org/wiki/Portal:Jamaica [(Switzerland)]
	https://en.wikipedia.org/wiki/Portal:Anabaptism [(Switzerland)]
	https://en.wikipedia.org/wiki/Portal:Indian_religions [(Switzerland)]
	https://en.wikipedia.org/wiki/Portal:Jamaica [(Switzerland)]
	https://en.wikipedia.org/wiki/Portal:Republic_of_Macedonia [(Switzerland)]
	https://en.wikipedia.org/wiki/Portal:World_War_I [(Switzerland)]
	https://en.wikipedia.org/wiki/Portal:Mombasa [(Switzerland)]
	https://en.wikipedia.org/wiki/Portal:Anabaptism [(Switzerland)]
	https://en.wikipedia.org/wiki/Portal:World_War_I [(Switzerland)]
	https://en.wikipedia.org/wiki/Portal:Indian_religions [(Switzerland)]
	https://en.wikipedia.org/wiki/Portal:Republic_of_Macedonia [(Switzerland)]
	https://en.wikipedia.org/wiki/Portal:Current_events/Sports [(Switzerland)]
	https://en.wikipedia.org/wiki/Portal:French_and_Francophone_literature [(Switzerland)]
	https://en.wikipedia.org/wiki/Portal:Current_events/Sports [(Switzerland)]
	https://en.wikipedia.org/wiki/Portal:Queen_(band) [(Switzerland)]
	https://en.wikipedia.org/wiki/Portal:French_and_Francophone_literature [(Switzerland)]
	https://en.wikipedia.org/wiki/Portal:Mombasa [(Switzerland)]
	https://en.wikipedia.org/wiki/Portal:Mombasa [(Switzerland)]
	https://en.wikipedia.org/wiki/Wikipedia:PORT [(Switzerland)]
	https://en.wikipedia.org/wiki/Portal:Contents/Outlines [(Switzerland)]
	https://en.wikipedia.org/wiki/Portal:Contents/Outlines [(Switzerland)]
	https://en.wikipedia.org/wiki/Portal:Environment [(Switzerland)]
	https://en.wikipedia.org/wiki/P: [(Switzerland)]
	https://en.wikipedia.org/wiki/Portal:Jamaica [(Switzerland)]
	https://en.wikipedia.org/wiki/Portal:Paralympics [(Switzerland)]
	https://en.wikipedia.org/wiki/Portal:Environment [(Switzerland)]
	https://en.wikipedia.org/wiki/Portal:Heraldry [(Switzerland)]
	https://en.wikipedia.org/wiki/Portal:Psychiatry [(Switzerland)]
	https://en.wikipedia.org/wiki/Portal:Apple_Inc. [(Switzerland)]
	https://en.wikipedia.org/wiki/Portal:Apple_Inc. [(Switzerland)]
	https://en.wikipedia.org/wiki/Portal:Paralympics [(Switzerland)]
	https://en.wikipedia.org/wiki/Portal:Heraldry [(Switzerland)]
	https://en.wikipedia.org/wiki/Portal:Apple_Inc. [(Switzerland)]
	https://en.wikipedia.org/wiki/Portal:Heraldry [(Switzerland)]
	https://en.wikipedia.org/wiki/Portal:Social_movements [(Switzerland)]
	https://en.wikipedia.org/wiki/Portal:Schleswig-Holstein [(Switzerland)]
	https://en.wikipedia.org/wiki/Portal:Social_movements [(Switzerland)]
	https://en.wikipedia.org/wiki/Portal:Contents/Outlines [(Switzerland)]
	https://en.wikipedia.org/wiki/Portal:Social_movements [(Switzerland)]
	https://en.wikipedia.org/wiki/Portal:Tank [(Switzerland)]
	https://en.wikipedia.org/wiki/Portal:Nuclear_technology [(Switzerland)]
	https://en.wikipedia.org/wiki/P: [(Switzerland)]
	https://en.wikipedia.org/wiki/P: [(Switzerland)]
	https://en.wikipedia.org/wiki/Portal:Cycling [(Switzerland)]
	https://en.wikipedia.org/wiki/Portal:Luxembourg [(Switzerland)]
	https://en.wikipedia.org/wiki/Portal:Eurovision [(Switzerland)]
	https://en.wikipedia.org/wiki/Portal:Luxembourg [(Switzerland)]
	https://en.wikipedia.org/wiki/Portal:Paralympics [(Switzerland)]
	https://en.wikipedia.org/wiki/Portal:Cycling [(Switzerland)]
	https://en.wikipedia.org/wiki/Portal:Cycling [(Switzerland)]
	https://en.wikipedia.org/wiki/Portal:Indian_religions [(Switzerland)]
	https://en.wikipedia.org/wiki/Portal:Nuclear_technology [(Switzerland)]
	https://en.wikipedia.org/wiki/Portal:Lebanon [(Switzerland)]
	https://en.wikipedia.org/wiki/Portal:Women%27s_association_football [(Switzerland)]
	https://en.wikipedia.org/wiki/Portal:French_and_Francophone_literature [(Switzerland)]
	https://en.wikipedia.org/wiki/Portal:Togo [(Switzerland)]
	https://en.wikipedia.org/wiki/Portal:World_War_I [(Switzerland)]
	https://en.wikipedia.org/wiki/Portal:Togo [(Switzerland)]
	https://en.wikipedia.org/wiki/Portal:French_and_Francophone_literature [(Switzerland)]
	https://en.wikipedia.org/wiki/Portal:Fascism [(Switzerland)]
	https://en.wikipedia.org/wiki/Portal:Lebanon [(Switzerland)]
	https://en.wikipedia.org/wiki/Portal:Togo [(Switzerland)]
	https://en.wikipedia.org/wiki/Portal:Contents/Indices [(Switzerland)]
	https://en.wikipedia.org/wiki/Portal:Cycling [(Switzerland)]
	https://en.wikipedia.org/wiki/Portal:Indiana [(Switzerland)]
	https://en.wikipedia.org/wiki/Portal:Cycling [(Switzerland)]
	https://en.wikipedia.org/wiki/Library_of_Congress_Classification [(Switzerland)]
	https://en.wikipedia.org/wiki/Portal:Shakira [(Switzerland)]
	https://en.wikipedia.org/wiki/Portal:Fascism [(Switzerland)]
	https://en.wikipedia.org/wiki/Portal:Fascism [(Switzerland)]
	https://en.wikipedia.org/wiki/Portal:Fascism [(Switzerland)]
	https://en.wikipedia.org/wiki/Portal:Germany [(Switzerland)]
	https://en.wikipedia.org/wiki/Portal:New_Hampshire [(Switzerland)]
	https://en.wikipedia.org/wiki/Portal:Armenia [(Switzerland)]
	https://en.wikipedia.org/wiki/Portal:New_Hampshire [(Switzerland)]
	https://en.wikipedia.org/wiki/Wikipedia:PORT [(Switzerland)]
	https://en.wikipedia.org/wiki/Library_of_Congress_Classification [(Switzerland)]
	https://en.wikipedia.org/wiki/Portal:Schleswig-Holstein [(Switzerland)]
	https://en.wikipedia.org/wiki/Portal:Justin_Bieber [(Switzerland)]
	https://en.wikipedia.org/wiki/Portal:Schleswig-Holstein [(Switzerland)]
	https://en.wikipedia.org/wiki/Portal:New_Hampshire [(Switzerland)]
	https://en.wikipedia.org/wiki/Portal:Geneva [(Switzerland)]
	https://en.wikipedia.org/wiki/Portal:Contents/Outlines [(Switzerland)]
	https://en.wikipedia.org/wiki/Portal:Shakira [(Switzerland)]
	https://en.wikipedia.org/wiki/Portal:Social_movements [(Switzerland)]
	https://en.wikipedia.org/wiki/Portal:Shakira [(Switzerland)]
	https://en.wikipedia.org/wiki/Portal:Indiana [(Switzerland)]
	https://en.wikipedia.org/wiki/Portal:Schleswig-Holstein [(Switzerland)]
	https://en.wikipedia.org/wiki/P: [(Switzerland)]
	https://en.wikipedia.org/wiki/Portal:Lady_Gaga [(Switzerland)]
	https://en.wikipedia.org/wiki/Portal:Indiana [(Switzerland)]
	https://en.wikipedia.org/wiki/Portal:Austria [(Switzerland)]
	https://en.wikipedia.org/wiki/Portal:Women%27s_association_football [(Switzerland)]
	https://en.wikipedia.org/wiki/Portal:Swimming [(Switzerland)]
	https://en.wikipedia.org/wiki/Portal:Paralympics [(Switzerland)]
	https://en.wikipedia.org/wiki/Portal:Germany [(Switzerland)]
	https://en.wikipedia.org/wiki/Portal:Nuclear_technology [(Switzerland)]
	https://en.wikipedia.org/wiki/Portal:Women%27s_association_football [(Switzerland)]
	https://en.wikipedia.org/wiki/Portal:Armenia [(Switzerland)]
	https://en.wikipedia.org/wiki/Portal:Armenia [(Switzerland)]
	https://en.wikipedia.org/wiki/Portal:Contents/Geography_and_places [(Switzerland)]
	https://en.wikipedia.org/wiki/Portal:Lebanon [(Switzerland)]
	https://en.wikipedia.org/wiki/Portal:Contents/Geography_and_places [(Switzerland)]
	https://en.wikipedia.org/wiki/Portal:Germany [(Switzerland)]
	https://en.wikipedia.org/wiki/Portal:NATO [(Switzerland)]
	https://en.wikipedia.org/wiki/Portal:Nazi_Germany [(Switzerland)]
	https://en.wikipedia.org/wiki/Portal:NATO [(Switzerland)]
	https://en.wikipedia.org/wiki/Lists_of_countries_and_territories [(Switzerland)]
	https://en.wikipedia.org/wiki/Lists_of_countries_and_territories [(Switzerland)]
	https://en.wikipedia.org/wiki/Portal:Nazi_Germany [(Switzerland)]
	https://en.wikipedia.org/wiki/Portal:NATO [(Switzerland)]
	https://en.wikipedia.org/wiki/Portal:Geneva [(Switzerland)]
	https://en.wikipedia.org/wiki/Portal:Portal [(Switzerland)]
	https://en.wikipedia.org/wiki/Martinique [(Switzerland)]
	https://en.wikipedia.org/wiki/Portal:Portal [(Switzerland)]
	https://en.wikipedia.org/wiki/Organisation_of_Eastern_Caribbean_States [(Switzerland)]
	https://en.wikipedia.org/wiki/Dutch_language [(Switzerland)]
	https://en.wikipedia.org/wiki/Organisation_of_Eastern_Caribbean_States [(Switzerland)]
	https://en.wikipedia.org/wiki/Portal:Folklore [(Switzerland)]
	https://en.wikipedia.org/wiki/Portal:Folklore [(Switzerland)]
	https://en.wikipedia.org/wiki/Portal:Europe [(Switzerland)]
	https://en.wikipedia.org/wiki/Portal:Lady_Gaga [(Switzerland)]
	https://en.wikipedia.org/wiki/Portal:Europe [(Switzerland)]
	https://en.wikipedia.org/wiki/Portal:Contents/Geography_and_places [(Switzerland)]
	https://en.wikipedia.org/wiki/Portal:Austria [(Switzerland)]
	https://en.wikipedia.org/wiki/Portal:Gender_studies [(Switzerland)]
	https://en.wikipedia.org/wiki/Portal:Folklore [(Switzerland)]
	https://en.wikipedia.org/wiki/Portal:Folklore [(Switzerland)]
	https://en.wikipedia.org/wiki/Saint_Lucia [(Switzerland)]
	https://en.wikipedia.org/wiki/Portal:Contents/Indices [(Switzerland)]
	https://en.wikipedia.org/wiki/Portal:Swimming [(Switzerland)]
	https://en.wikipedia.org/wiki/Portal:Swimming [(Switzerland)]
	https://en.wikipedia.org/wiki/Portal:Swimming [(Switzerland)]
	https://en.wikipedia.org/wiki/Portal:Gender_studies [(Switzerland)]
	https://en.wikipedia.org/wiki/List_of_Christian_Nobel_laureates [(Switzerland) OR (Schweitz)]
	https://en.wikipedia.org/wiki/List_of_Christian_Nobel_laureates [(Switzerland) OR (Schweitz)]
	https://en.wikipedia.org/wiki/Hawker_Hunter [(Switzerland) OR (Suisse)]
	https://en.wikipedia.org/wiki/Russia [(Switzerland) OR (Suisse)]
	https://en.wikipedia.org/wiki/Poland [(Switzerland) OR (Suisse)]
	https://en.wikipedia.org/wiki/Normandy [(Switzerland) OR (Suisse)]
	https://en.wikipedia.org/wiki/France [(Switzerland) OR (Suisse)]
	https://en.wikipedia.org/wiki/Australia [(Switzerland) OR (Suisse)]
	https://en.wikipedia.org/wiki/Portal:South_Africa [(Switzerland) OR (Suisse)]
	https://en.wikipedia.org/wiki/Portal:South_Africa [(Switzerland) OR (Suisse)]
	https://en.wikipedia.org/wiki/Portal:South_Africa [(Switzerland) OR (Suisse)]
	https://en.wikipedia.org/wiki/Portal:South_Africa [(Switzerland) OR (Suisse)]
	https://en.wikipedia.org/wiki/Europe [(Switzerland) OR (Suisse) OR (Svizzera)]
	https://en.wikipedia.org/wiki/Portal:Switzerland [(Switzerland) OR (Suisse) OR (Svizzera)]
	https://en.wikipedia.org/wiki/Portal:Switzerland [(Switzerland) OR (Suisse) OR (Svizzera)]
	https://en.wikipedia.org/wiki/Portal:Switzerland [(Switzerland) OR (Suisse) OR (Svizzera)]
	https://en.wikipedia.org/wiki/Portal:Switzerland [(Switzerland) OR (Suisse) OR (Svizzera)]
	https://en.wikipedia.org/wiki/Virtual_International_Authority_File [(Switzerland) OR (Suisse) OR (Svizzera)]
	https://en.wikipedia.org/wiki/Benito_Mussolini [(Switzerland) OR (Svizzera)]
---------------------------------------------
---------------------------------------------
Progress: 0.33162480193973487 (explored 145251 over 437998 links).
Found 597 matches. 0 urls could not be explored.
---------------------------------------------
[ERROR] [09/01/2015 15:02:03.545] [Panop-akka.actor.default-dispatcher-10] [akka://Panop/user/$i] Could not get data for https://en.wikipedia.org/wiki/The_Picture_of_Dorian_Gray
[ERROR] [09/01/2015 15:02:03.545] [Panop-akka.actor.default-dispatcher-10] [akka://Panop/user/$i] connect timed out
[ERROR] [09/01/2015 15:02:28.296] [Panop-akka.actor.default-dispatcher-8] [akka://Panop/user/$f] Could not get data for https://en.wikipedia.org/wiki/Melmoth_the_Wanderer
[ERROR] [09/01/2015 15:02:28.296] [Panop-akka.actor.default-dispatcher-8] [akka://Panop/user/$f] connect timed out
---------------------------------------------
Progress: 0.3436029993426404 (explored 154197 over 448765 links).
Found 624 matches. 0 urls could not be explored.
---------------------------------------------
[ERROR] [09/01/2015 15:02:35.930] [Panop-akka.actor.default-dispatcher-5] [akka://Panop/user/$h] Could not get data for https://en.wikipedia.org/wiki/Portora_Royal_School
[ERROR] [09/01/2015 15:02:35.930] [Panop-akka.actor.default-dispatcher-5] [akka://Panop/user/$h] connect timed out
[ERROR] [09/01/2015 15:02:37.762] [Panop-akka.actor.default-dispatcher-5] [akka://Panop/user/$j] Could not get data for https://en.wikipedia.org/wiki/Oscar_Wilde%27s_tomb
[ERROR] [09/01/2015 15:02:37.762] [Panop-akka.actor.default-dispatcher-5] [akka://Panop/user/$j] connect timed out
[ERROR] [09/01/2015 15:02:37.764] [Panop-akka.actor.default-dispatcher-6] [akka://Panop/user/$h] Could not get data for https://en.wikipedia.org/wiki/Mathghamhain_%C3%93_hIfearn%C3%A1in
[ERROR] [09/01/2015 15:02:37.764] [Panop-akka.actor.default-dispatcher-6] [akka://Panop/user/$h] connect timed out
---------------------------------------------
Progress: 0.3486076250887741 (explored 158058 over 453398 links).
Found 651 matches. 0 urls could not be explored.
---------------------------------------------
[ERROR] [09/01/2015 15:02:53.354] [Panop-akka.actor.default-dispatcher-9] [akka://Panop/user/$h] Could not get data for https://en.wikipedia.org/wiki/The_Canterville_Ghost_(1985_film)
[ERROR] [09/01/2015 15:02:53.354] [Panop-akka.actor.default-dispatcher-9] [akka://Panop/user/$h] connect timed out
